100
0 0 1 2 3 4 5 6 7 8 9 10 11 12 13 4110 14 15 16 5136 400 17 18 4114 19 20 21 22 23 87 24 3097 25 26 27 1052 28 284 29 30 61 319
1 28 30 31 32 33 34 35 36 37 1062 40 41 42 43 44 46 47 48 49 50 52 53 54 55 56 57 2106 58 61 62
2 0 1 2 3 4 132 5 6 7 2056 8 9 1033 10 4106 11 12 76 13 14 1038 15 16 17 18 19 20 21 22 23 24 25 26 27 29 30 31 1055 32 37 38 53
3 65 67 323 68 70 71 73 74 5194 75 1101 78 6223 80 81 2129 82 83 84 85 86 88 1114 92 284 93 95 97 1185 98 56 58 59 60 62 63 5183
4 132 588 30 31 32 544 33 35 36 3109 37 38 39 40 1576 41 42 3116 44 556 45 9774 558 47 48 49 3122 51 52 54 55 2104 4665 60
5 0 1 2 1027 3 4 6148 5 6 2054 7 8 9 10 11 12 13 14 15 16 7184 17 3090 18 19 20 21 22 23 24 25 26 27 28 29 30 37 38 1070
6 260 6405 4358 265 272 273 7442 5395 4373 6425 281 1369 282 284 2972 286 7397 233 235 9451 236 237 302 1263 240 5361 242 248 1275
7 64 1089 65 66 67 68 70 72 73 74 75 7244 78 5263 81 82 9299 83 5204 85 86 3033 91 4188 92 93 94 96 2145 98 4196 1128 300 8626 59 2110 8255
8 64 65 1089 66 2115 69 73 75 77 78 2127 79 4751 80 81 3155 83 84 86 91 92 94 2143 1121 98 9316 1125 1189 1128 106 57 58 59 1085 3134
9 198 141 2190 143 1168 145 149 150 215 87 153 2204 3229 158 1183 163 164 2212 171 172 1196 173 5295 1201 177 178 180 182 3255 186 187 189 574
10 76 87 3160 540 29 30 4126 31 1055 32 33 546 34 35 36 2085 37 38 39 40 3624 41 42 6698 43 45 47 1071 48 49 51 52 53 55 61
11 1216 192 193 2243 323 5893 6348 205 209 211 7379 155 157 285 159 161 6307 1187 165 8359 167 2601 170 171 173 174 175 176 178 186 188 2236 1213
12 0 1 1026 2 3 4 1028 5 6 1030 7 8 9 10 11 12 13 2062 14 15 16 17 1042 18 2066 19 20 21 22 4118 2072 24 25 1049 26 27 38 53
13 0 1 2 1027 3 4 5 6 7 8 9 10 11 12 2060 76 13 14 15 16 17 18 19 20 21 22 23 5143 24 25 26 1051 27 3100 1053 29 30 33 38
14 196 1284 4293 261 3271 264 267 2317 1293 207 208 209 211 6100 217 218 220 224 1251 232 235 238 239 5361 241 250 251 252 1278
15 65 32 33 1058 35 36 37 1061 38 39 40 41 42 43 44 1068 45 46 47 48 49 50 1075 52 54 55 6199 56 57 60 62
16 0 1 3841 2 3 515 3075 4 517 5 6661 6 518 7 8 9 1034 10 11 12 13 525 14 15 16 17 18 530 19 20 21 22 23 535 87 24 25 26 27 3100 28 1053 29 3259 61
17 0 2048 4097 1 2 3 4 1029 5 6 7 8 9 3082 10 11 4107 12 13 14 15 16 17 7185 18 19 20 21 22 23 2072 24 25 3098 37
18 65 66 67 68 132 69 72 76 34 35 36 37 39 40 1128 41 42 43 5355 44 45 46 47 48 49 1073 1137 51 52 4149 53 54 55 56 57 59 3132 60 62 6142
19 0 1 2 3 4 5 1029 5125 1030 6 7 8 4104 9 10 11 1035 12 13 14 1038 15 16 8209 17 18 19 20 21 7189 22 23 87 24 25 4121 26 1051 27 28
20 64 65 263 72 32 33 2082 34 35 36 37 39 40 1066 8234 42 43 45 46 47 50 51 52 54 55 56 4152 57 1082 58 3131 59 60 62 1086 63
21 131 1160 138 140 142 143 144 1169 145 2195 148 149 1173 154 1118 95 96 101 102 104 1130 107 112 114 117 2171 125 2173 126 319
22 321 1346 1858 3396 326 327 394 332 1356 5454 336 1620 4448 5923 357 4454 5480 362 299 363 309 1398 375 3384 1400 377 378 3387 379 317 6461 4415 1407
23 0 1 8193 3073 2 3 4 5 6 518 7 8 1033 9 10 2186 11 9228 12 76 13 6157 14 15 16 17 2065 18 19 20 21 22 23 9240 24 25 26 27 37 61
24 1092 76 1100 87 31 32 33 34 35 36 39 40 41 42 43 3115 7211 44 45 46 47 48 49 50 3250 52 53 54 55 56 2105 57 58 60 61 62
25 0 1025 1 2 3 4 3077 5 6 7 9223 8 9 1097 10 11 12 13 14 15 16 17 5137 18 19 20 21 22 23 24 25 26 27 28 1052 29 31 38 53
26 128 2499 132 134 135 136 4233 137 139 140 142 145 5267 149 150 151 153 154 283 156 157 7524 4518 616 109 111 112 113 114 116 117 119 9336 120 121 123 125 127
27 1216 192 195 143 144 1168 147 150 2198 2199 87 1177 154 6300 157 158 159 161 162 4258 163 7338 874 176 2226 178 180 182 183 184 9402 2491 190
28 64 65 68 5188 69 72 77 4751 33 35 36 37 38 39 40 41 42 43 44 6189 46 47 48 49 6193 50 51 2099 52 4148 53 54 502 55 56 57 58 59
29 64 65 66 130 67 68 69 70 71 263 75 77 78 80 81 1106 83 1107 85 1112 88 89 90 92 93 94 8287 96 98 106 110 59 63 2111
30 3145 2571 87 28 29 30 31 32 33 34 35 38 2087 39 1064 40 42 43 44 46 47 48 49 50 1075 51 52 53 5174 54 55 56 57 59
31 0 1 2 3 4 5 6 7 4103 8 9 10 11 12 76 13 14 15 16 17 18 19 1043 5139 5140 20 21 22 23 24 6168 25 8217 26 27 2076 28 3101 29 37 3183
32 0 1 2 3 4 2052 5 6 518 7 8 9 10 11 12 6156 13 14 15 16 17 18 19 20 21 1045 2070 22 23 3095 24 25 26 27 3100 28 29 30 38 52 319
33 0 1 1025 2 3 4 5 6 7 1032 8 9 10 11 1035 12 13 14 15 16 17 3089 18 19 7187 20 21 1046 22 23 24 25 26 27 28 284 29 37 61
34 0 1 2 3 1028 4 5 6 7 8 9 10 11 12 13 14 15 16 17 18 19 20 21 22 23 87 24 25 4249 27 28 284 29 30 31 1055 32 34 38 5928 61 319
35 3526 518 72 76 2066 87 284 30 31 32 33 34 35 36 7524 3109 1061 4134 38 39 40 1064 41 42 1066 43 44 45 2094 46 47 48 4145 49 50 51 52 53 54 56 62 319
36 130 73 2122 74 75 77 2127 81 82 83 6228 84 86 88 90 91 3164 93 94 95 96 97 99 100 101 102 103 105 5226 3181 111 112 1402
37 64 65 66 69 70 71 72 74 76 77 4751 82 84 86 87 89 90 91 92 94 5215 95 2144 96 2145 98 99 100 101 102 1128 1129 106 8492 693 1083 59 60 1149 63 319
38 195 198 200 202 203 207 211 216 155 219 158 222 223 160 225 226 163 228 165 6373 168 169 4329 170 1195 177 244 181 502 184 187 191 319
39 0 1 2 1026 3 4 5 6 1031 7 8 9 10 11 12 76 13 14 15 16 17 18 19 1555 20 21 22 23 24 25 1050 26 27 5148 28 284 541 29 1567 38 502 61
40 66 68 69 70 71 75 76 79 80 81 83 84 5206 8280 2136 89 90 91 93 94 96 98 99 100 101 102 104 105 106 6252 300 1150
41 65 67 68 70 71 73 74 75 79 80 81 82 3154 83 84 85 86 2135 87 88 89 90 1117 93 4189 94 95 4192 96 4193 300 6264 1208 59 63
42 0 1 2 3 4 5 1030 6 7 8 9 10 11 12 13 4110 14 15 2063 1040 16 17 18 19 8212 20 21 22 23 3096 24 25 26 28 29 30 31 4127 32 502 61
43 128 129 260 136 138 4236 76 141 142 143 145 146 147 148 150 155 156 157 163 166 103 105 5611 115 116 118 1143 121 122 125
44 72 3916 33 3106 35 36 37 1063 39 42 2090 43 44 1132 45 46 47 48 3121 49 50 51 52 54 55 56 1080 1081 2105 57 58 60
45 1472 385 449 1413 389 2441 5579 396 524 4557 401 1490 467 407 1434 410 416 484 422 1447 2474 426 427 2540 1457 3506 435 436 3515 6588 447 319
46 0 1025 1 2 3 4 5 6 7 8 9 10 11 12 13 14 15 1040 16 1041 17 18 2067 19 20 21 22 7190 23 24 25 26 2074 6171 27 4124 53
47 65 67 68 581 69 70 71 1096 72 73 585 74 4170 5194 1611 79 3152 592 81 85 2160 50 3125 566 54 57 2105 58 59 60 6205 62 63
48 0 1 4098 2 3 4 1029 5 2566 6 7 8 9 10 522 11 12 2060 13 14 15 16 17 529 5650 18 19 1555 20 21 22 23 24 25 26 27 28 5217 549
49 0 1 2 3 4 5 4101 6 1031 7 8 6153 9 10 11 1035 12 13 14 3087 15 16 17 1042 18 7187 19 20 21 22 23 24 25 6169 26 5146 27 29 6185 51 319
50 64 66 323 518 72 4176 4503 31 32 33 1059 35 36 39 40 41 42 43 300 45 47 48 49 50 51 52 6196 1077 53 54 55 56 1082 58 59 62 1086 63
51 4417 5186 67 68 69 1094 71 73 5194 75 1099 1100 78 910 79 82 1106 8274 210 83 84 85 86 88 91 94 95 96 4192 3168 99
52 0 1 2 3 4 5 1029 6 7 9223 8 9 10 11 12 13 14 15 16 17 18 19 20 21 22 23 1048 24 25 26 27 28 29 2077 30 31 38 53 61
53 0 1 2 3 4099 4 5 6 7 8 9 10 11 12 3404 13 14 9231 15 16 17 6162 18 19 20 21 22 23 87 24 7193 25 26 27 28 284 29 30 31 61 319
54 5577 76 8846 87 1052 284 29 30 31 32 33 34 35 36 2084 38 39 40 2088 41 1065 42 43 44 45 46 47 48 2098 3122 51 52 5173 53 55 56 61
55 128 131 3012 133 134 135 136 140 2188 141 144 1168 147 148 4245 8342 7318 1177 156 7645 3233 300 113 115 116 119 1143 120 122 124 126 127 2175 1151
56 0 1 2 3 4 5 6 7 1031 8 9 3082 10 1034 3083 11 12 13 4110 14 15 16 17 18 19 20 21 22 23 24 25 26 1050 27 28 29 30 31 37 61
57 129 1156 3206 134 135 136 8329 329 284 1124 100 2149 7270 102 103 104 105 108 110 112 114 118 119 120 8312 121 122 1146 123 6267 124 2173 126
58 1097 76 3028 26 27 2075 3100 28 29 30 31 32 33 34 35 36 38 39 40 41 42 43 44 45 46 1071 48 2416 49 1073 50 51 52 53 2101 61
59 194 258 199 201 2250 205 209 213 6359 1240 1241 217 2267 603 220 221 225 226 227 228 229 233 1260 237 238 242 244 246
60 1281 258 264 1290 1294 8462 910 273 4308 212 213 219 603 4316 221 222 226 7395 4326 231 2281 237 240 241 1270 502 247 248 251
61 64 65 1090 66 67 5187 68 132 69 7237 70 71 72 73 3146 74 77 79 80 81 83 1107 88 8280 90 91 92 93 97 106 110 632 57 58 59 62 1086 63
62 192 323 5316 197 1221 198 200 144 146 147 1239 284 8350 158 160 161 7332 165 229 166 167 168 169 4266 170 175 3311 176 1202 6194 1203 179 1204 180 182 184 187 188 61 191 1215
63 8384 195 139 140 76 141 210 147 150 151 152 154 1179 4252 156 158 160 161 1187 9381 166 168 170 1194 1195 1196 7724 174 175 2226 185 186 7355 188 1215 191
64 2048 0 8192 1 2 3 1987 4 5 8197 6 7 8 9 10 11 12 76 13 14 15 8207 16 17 18 19 20 21 22 23 24 25 3098 26 27 4124 28 38 61
65 0 1 2 3 4 5 6 7 8 9 10 1035 3083 11 12 13 14 15 16 17 18 19 20 21 22 2070 23 1047 4120 24 5144 25 26 27 28 29 33 38 5434
66 65 2113 2114 66 67 2116 69 70 71 1095 73 74 2124 77 78 79 81 82 1107 83 84 85 86 88 728 89 90 91 92 284 94 97 5181 63
67 0 1 2 3 1027 4 5 6 7 8 9 1033 1034 10 11 12 13 14 15 16 17 2065 18 19 20 21 22 23 24 25 2074 26 27 28 1053 29 30 38 5928 51 319
68 0 1025 1 5122 2 3 4 5 6 518 7 8 9 10 11 12 13 14 15 16 17 18 19 20 21 22 23 87 24 25 26 27 28 29 30 31 4128 3875 1060 53 61
69 1024 0 1 2 3 4 5 6 7 8 9 10 11 12 76 13 14 15 16 17 4114 18 19 20 21 22 23 24 25 26 27 28 1052 284 29 30 31 34 61
70 132 263 87 30 31 2080 32 33 34 35 36 37 1062 2086 4134 40 42 43 44 45 46 1071 47 49 8241 51 52 1076 53 54 55 56 57 58 60 1086 62
71 0 1024 1 2 3 4 5 6 7 263 8 9 10 11 12 13 14 1039 15 16 17 18 19 20 21 3094 22 23 24 25 26 28 29 30 31 32 33 8225 34 37 38 2087 4274 5171 51 62
72 128 133 134 137 1162 139 140 141 87 100 101 102 103 105 3241 8299 7275 107 109 1133 110 112 113 115 6261 117 118 119 121 122 123 125 126 127 319
73 0 1 7169 2 3587 3 4 2564 5 6 7 1032 8 9 10 11 524 12 13 1037 14 15 5135 16 528 17 18 530 19 1555 2580 1044 20 21 22 25 539 5217 8244
74 0 4096 1 2 3 4 5 6 7 8 3080 9 1034 10 1035 11 9228 8204 12 76 13 14 15 16 5456 17 18 19 20 21 22 23 3095 24 25 26 3099 27 29 38 61
75 0 1025 1 2 3 4 5 6 7 8 9 10 1035 11 12 13 2061 1038 14 15 16 17 18 19 20 1045 2069 21 22 23 24 25 26 27 28 7519 38 51
76 87 28 29 30 31 32 33 34 35 36 37 39 40 41 1065 42 43 44 1068 45 46 47 5167 48 49 50 51 52 54 55 56 1082
77 4387 8452 294 1289 299 1323 268 301 302 271 272 274 306 5426 7794 275 276 280 1304 282 2301 1310 286
78 2177 130 7298 3202 131 133 518 135 137 138 1162 139 140 9549 145 4632 95 96 97 8290 99 100 101 2153 105 9322 106 108 300 109 110 112 113 6257 114 115 116 117 119 122 1147
79 65 66 67 68 69 70 71 73 74 75 77 78 81 82 83 84 85 86 1114 92 1180 93 94 95 3168 97 98 99 100 107 3182 58 60 4158 62 63 1087
80 1536 0 8705 2049 1 513 514 2 3 4 3588 516 5 6 7 8 9 10 11 4108 12 1548 13 14 3599 15 1040 16 17 18 19 20 22 5667
81 0 1 2 3 4 5 1029 6 1030 7 8 9 10 11 12 13 14 15 16 17 18 19 2067 20 21 22 4119 23 24 25 1049 26 27 28 29 1056 38 1583 53
82 2048 0 1 7169 2 3 4 5 6 7 8 9 10 11 12 76 13 14 15 1039 16 2064 17 1041 18 19 20 21 22 23 87 24 25 27 7196 28 29 30 3103 37 38 61 319
83 0 1 2 6147 3 4 5 5125 1030 6 518 7 2056 8 9 10 1034 11 12 13 7757 14 15 16 1040 6161 17 18 1042 8210 19 20 21 1045 22 23 24 25 26 4122 27 29
84 0 1 2 3 4 1029 5 2053 6 2054 7 8 3081 9 10 11 12 13 14 1038 6159 15 16 17 18 4115 19 20 21 22 23 24 25 26 27 28 8220 37
85 0 1 2 3 4 4100 1028 5 6 1030 518 7 8 8201 9 10 11 12 13 7182 14 1039 15 16 17 18 19 20 22 23 3096 24 25 26 27 28 29 30 2078 31 33
86 0 1 2 3 1027 4 5 6 7 8199 2056 8 9 1097 10 11 12 9228 13 14 15 16 17 18 19 20 21 22 23 3096 24 25 26 27 28 29 3102 30 38
87 64 76 3108 36 37 39 40 41 2089 42 43 44 45 1069 46 48 49 50 51 2099 52 4149 54 4151 55 56 57 58 59 2107 60 61 62
88 132 76 1180 1053 29 30 1055 31 32 33 2081 34 8226 1059 35 36 1061 37 39 4135 40 41 42 43 1067 44 45 47 48 49 7218 50 9267 51 52 53 61
89 31 32 33 34 1058 36 37 39 4136 40 41 42 1066 43 3116 44 45 46 47 6192 48 49 4145 50 52 53 9270 3127 55 56 59 60 61
90 129 130 1157 133 6277 134 135 136 138 139 3212 141 142 146 99 100 6245 102 2152 105 108 109 110 111 115 4212 120 122 124 125
91 0 1 2 3 4 5 6 7 8 9 10 11 12 76 13 2062 6158 14 15 16 17 18 19 20 21 22 23 24 25 6169 26 27 28 29 30 2078 34 38 53 61
92 128 129 130 135 136 138 3088 1298 149 98 99 1125 102 103 104 107 108 112 113 1138 114 115 3188 117 118 4215 121 1146 1147 123 124 126 1150
93 64 65 69 70 72 73 74 6220 1101 77 78 79 81 82 83 84 85 86 89 90 91 3164 92 93 94 2142 1123 1391 57 5181 62 63 319
94 65 67 132 72 87 30 32 33 34 35 37 39 40 43 44 45 1070 46 47 48 49 50 6195 51 1076 54 55 56 57 58 1402 59 60 61 62 1086 63
95 517 4620 2573 526 1554 534 536 284 478 543 1569 1572 6630 492 5613 1518 1582 627 564 501 566 567 1591 5688 3577 1530 1595 1534
96 0 1 2 3 4 5 4102 6 7 8 9 10 7179 11 12 13 14 4110 15 16 17 18 19 20 21 22 23 87 24 25 26 27 28 29 30 31 32 33 38
97 132 7645 1055 31 32 1057 33 2081 6177 34 35 36 37 1062 38 39 40 41 42 43 4140 46 47 1071 48 49 50 51 52 53 54 502 318
98 64 3850 9423 4307 33 34 35 7205 39 40 1065 42 43 44 45 46 1070 47 48 49 50 51 3123 52 54 55 4151 1080 56 57 58 2107 60 62 319
99 0 1 2 3 4 5 6 7 8 9 10 11 12 7181 13 14 15 16 17 18 19 20 21 22 23 87 24 26 27 29 7198 30 31 32 33 34 35 38 53
