500
0 8192 4128 4129 5281 6754 3077 5735 1127 1546 7691 7182 4625 6162 9746 4441 5882 9756
1 7680 2626 5123 1029 2726 5030 5640 4104 6921 1291 523 3084 3598 4366 3342 782 9777 3091 1337 1340
2 7201 3682 1809 9234 6419 2324 6169 4281 2587 7613 30 7711 5407
3 8199 5799 1320 1034 526 9776 563 7190 3095 8952 9756 1564 9757 31
4 4160 8768 3106 1062 39 6183 5674 5678 2607 52 7737 2108 6365 7998
5 4736 4352 40 5934 8399 4658 4914 6708 309 8501 4662 7222 9271 311 2616 8760 9018 155
6 4352 8097 7234 5698 3139 9827 103 6247 76 8268 591 4186 7613 4190
7 4352 9220 6183 7368 9226 4111 2063 6674 5651 6228 2932 2104 5150 30
8 1697 4933 3653 3242 3661 6798 9784 5178 5437 8509 9022 9279 2879
9 8898 8775 840 8649 428 1101 9134 8783 7759 9558 2136 2137 4186 7258 2650
10 5728 4736 1121 2657 8097 8292 869 1702 822 7259 2395 8029 7263 959
11 3105 7713 8737 8227 2083 995 5157 4134 582 7750 5030 9263 562 4211 6199 90 3770 3644 1087 1407
12 1664 2690 9509 9831 9864 7435 9868 8332 9356 3405 1135 2672 4752 4725 5238 9335 1560 8827 3740
13 1697 3234 9379 5799 5801 1681 4403 7317 6806 1687 9879 7000 8346 1882 5882 5790 2719
14 4454 6182 1383 104 2921 7018 9067 2667 8044 6254
15 5744 8816 9074 8306 8050 4467 5491 1910 4726 136 4552 3144
16 3200 4000 4737 4483 134 4969 5770 9613 2191 5265 6037 7546 6268 8830
17 192 9473 1320 3144 8425 4779 6829 2737 5814 1560 7353 6330 3770 7355 8379 6460 5309 4286
18 9120 6048 2529 8097 5026 3750 1320 7368 9645 7057 6802 5330 9110 6553 7836 5021 415
19 9952 4321 2801 3041 9442 7891 6340 1225 731 5118 5887
20 5632 513 7682 3650 4674 2915 6180 7 8200 6154 8714 4618 9227 1553 9752 8221 6174
21 4720 9282 3657 1241 8283 4700 4716 4701 4702 1118 3550
22 5290 234 9387 429 9901 1006 4015 3760 5553 7092 4535 4284 1407
23 7362 2243 3780 3012 8261 7625 457 1995 7883 7435 9460 5882 5309 5311
24 9474 8451 6435 9507 4901 7974 5030 6443 4876 6927 273 3827 1300 7828 1307 7963 3675
25 1760 4674 714 3020 1745 7892 470 6360 3289 985 4574 4318 7903
26 5634 8227 8740 3589 2597 7718 5799 9386 5643 9739 4107 7212 3120 1554 563 3604 9332 6773 8731 1055
27 2881 5953 4903 7975 6795 5933 1325 815 1330 5330 4918 4409 4923 6973 3390
28 4065 4833 8161 3041 9443 6243 2023 3560 3304 2025 1003 6795 7662 238 6639 8697
29 9539 2438 2887 2376 9033 361 2381 4430 7535 1360 8016 7507 9044 3092 6842 5882 318
30 369 3442 3795 934 5464 4968 9049 3419 7019 7404 4959 5471
31 6513 1905 1398 902 6519 4472 5499 397 2430 6574
32 5024 9124 3142 4552 6061 2989 3479 4503 921 4441 8605 5053 1951 5535 2495
33 6928 8627 1461 950 3014 6072 8632 952 8952 1914 7612 7615
34 7714 9251 71 2727 5799 5160 9260 9261 3631 1073 5170 1077 3128 4153 574 4639
35 8640 5381 5065 5676 5871 879 755 3318 6905 8953 2041 8443 7931
36 9170 4050 3028 7332 1481 985 2025 2507 3531 1484 3533
37 2147 7299 7284 5749 4741 7686 119 9818 2155 123 3852
38 4593 3682 9203 7667 500 3558 3064 3035 2555 333 6111
39 6723 7236 1125 2120 8788 7414 9303 7225 1849 9275 7227 7613 2110
40 1669 1158 2694 7161 9865 3721 3723 5275 1532 3229 7166
41 4256 3232 4352 9377 2721 674 3397 1190 2730 5291 684 2189 3245 6802 3608 4027
42 8448 4803 8387 4809 2250 140 5805 8367 207 9393 2385 1717 1751
43 3826 261 8454 9431 6887 6376 4441 8411 8956 300 238 4846
44 3653 4168 3657 4169 43 5677 2125 2607 3792 6228 8917 4154 4155
45 6976 1793 4353 5441 4356 6420 1812 788 1814 5481 2364 1277
46 8001 7972 5413 1829 3368 2387 3092 6934 9432 6938 4893 3357 7454 2334
47 3905 8161 8519 3401 3921 1332 3381 2870 8502 1366 314 2234 7998
48 5216 7781 2473 4969 4202 2158 6766 8303 7793 9330 8821 1142 6232 1145 5754
49 5505 3938 8547 9542 396 5490 3414 1368 1912 8539 9531 8540 860 5982 5983
50 9120 2976 6562 9092 4996 8068 1412 4005 2446 3374 4496 7057 8594 2485 1430 3479 9628
51 1664 4240 146 3730 148 3717 2453 7290 9867 5260 5245 7806
52 7078 2471 1449 2479 2992 9651 9142 7607 5047 439 4759 7512 1849 9658 2491
53 5664 35 3619 7204 4646 2727 9256 4137 6218 430 47 49 5177 8249
54 966 8648 8424 5065 7625 3536 7155 4054 3031 442 7130 6618 5882 3675
55 9697 3058 8450 8675 9203 1509 5786 6109 5613 6126 879
56 3136 9041 8179 7667 8229 8182 4599 5114 1914 4091 3579 3583
57 1376 6795 8364 6860 4781 1198 7345 342 8343 5785 9369 4766 3231
58 6307 9291 8780 7404 4717 3792 5202 1624 90 9307 4701 5725 8798 9727
59 64 8771 1603 5187 8262 5703 6219 8268 5741 2130 4532 4662 8187 5694 3135
60 2240 3265 2757 6792 6798 1232 4273 1713 7379 1716 5333 3258 3259 5311
61 4817 7393 7906 6902 5030 9448 6379 6364 7148 2270 8430
62 3331 8452 5893 4358 267 4403 6900 4244 4342 9466 1275 6909 7007
63 98 9858 1702 8461 5647 5236 7284 180 3190 7288 4219 5756 1151
64 1676 6221 4176 2672 7766 342 6231 89 3673 1305 8794 1115 1627 6749
65 6433 7460 3877 9510 3849 363 5420 4879 4882 9495 792 2328 5882 7451 2845 8830
66 6754 9027 4424 6445 4814 9008 9136 7985 2545 3894 311 9015 5947 3965 5950
67 1314 6754 3684 3173 5765 614 9318 3688 9514 6795 7795 8310 7833
68 2704 4352 5266 8323 3720 9880 3721 1340 5773 1677 4238
69 4960 3936 9061 2409 1385 4972 3436 3437 4974 6798 8532 9557 9627 7998 1535
70 4512 1425 1395 5507 2936 7546 394 6030 383 2959 8047
71 5025 7618 6052 7620 8102 1702 1487 3504 5525 2997 9753 3485 3998 7102 5535
72 4144 2721 9874 8354 4260 1689 153 2537 8348 156 7836 5292
73 8640 5587 8134 4566 9174 471 473 4554 6092
74 7681 9763 9315 8709 7723 17 6833 8212 6196 7222 3609 8251 8733
75 2019 999 7656 5321 2762 491 1522 2739 8181 982 3574 8154 7354 8155 8188
76 64 7745 3141 4165 8262 6795 6736 4144 3154 7154 7251 9782 6743 1626 5693
77 1216 689 3282 3252 3782 2246 1816 9512 9528 8395 1197 9918
78 737 1765 3303 5415 9450 747 7915 717 237 9133 6574 6255 8945 5845 3802
79 7458 3970 1286 4872 6409 268 6798 6898 5395 6419 4856 6424 9978 3322
80 9350 7814 8330 9868 2476 1167 8881 3731 7316 5301 7670 4248 1692 6815
81 4352 3172 4198 104 6765 2320 6739 1139 9812 5722 5882 4700 9822
82 8224 3648 9249 9730 5890 8197 9253 6726 7177 1577 522 3084 525 560 2608 880 6706 4118 822 2622 8735
83 5408 4000 1346 2371 2340 804 7461 2342 5927 175 1845 1850 5919
84 5280 1185 177 8354 3250 6834 1846 4777 5882 6956 9375 3231
85 4928 7490 9539 1860 6981 2374 5799 1354 5450 6090 6989 4144 959
86 2912 7010 1955 361 5451 5965 2925 4080 8530 5330 2899 5464 3929 4443 1372
87 1440 2435 7043 4140 8589 3439 2447 4403 7028 3961 1849 7035 8061 3966
88 416 6546 4514 915 2451 9624 4008 2984 1241 5436 333 2559
89 8306 7299 1156 5765 2168 7289 9849 8313 3706 1162 8330 8332
90 4833 9123 8934 6666 3787 3788 2767 8405 3799 3258 5882 9403 2267 5339 733
91 9984 4961 8963 6949 2822 167 2284 8431 9455 3859 4347 2813 7007 9791
92 4261 3241 4269 7853 7313 6801 148 7829 9877 728 1689 3225 1179
93 2499 5574 9159 4009 6089 4969 2508 5037 6062 5049 1337 2522 445
94 8672 6321 9426 2516 7668 982 9815 988 7629 9181 8173 6094
95 4384 1329 8481 7955 7477 9559 8472 6968 9001 9499 5419
96 9392 691 6324 5828 4265 506 9914 171 8703
97 8512 1346 4934 4969 5963 8012 845 8016 664 2876 7485 8189 7999
98 5475 867 7012 7076 8037 2406 7526 9575 1388 337 5458 4467 5299 5974
99 4482 898 8066 8578 1910 3462 8057 1305 6010 6522 893
100 2240 6336 706 6853 9413 8261 8913 5332 4407 2747 1212 1725 8830
101 422 5030 5799 906 9098 6538 429 2958 9646 5295 1457 435 7127 6554 413 9631
102 6080 8129 5043 3523 950 7127 3015 6073 8137 955 958 1455
103 8898 9446 3788 8909 3789 9937 210 3282 5847 2234 7902 734 5375
104 3524 4200 3144 4745 3533 6605 5070 6606 9680 9682 4051 6613 981 2006
105 4353 9954 258 3330 4867 9957 4357 263 9449 1482 2802 5882 8187 5885 319
106 9154 4358 8455 3144 2825 1802 810 6924 8464 4376 7960 4411 2941 4895
107 2017 8097 2532 3560 6635 3819 1004 1612 495 7126 8920 8667 2012 989 6622
108 304 1408 8432 6978 6451 309 4423 3576 504 1834 2892 303
109 4736 2401 6500 6502 3465 9551 3919 9554 4950 9560 1944 1370 7518
110 8067 1445 7018 6508 6767 7538 1911 6519 1400 1849 3962 1916 9085
111 9089 418 8659 5509 9094 2951 3975 3991 5543 4522 7582 6798
112 6570 1963 3595 7084 942 6577 6609 3985 947 436 7604 1849 8123
113 8640 5568 3792 1985 977 9653 9655 6584 763 1980 4030
114 4069 6630 6121 8147 468 9684 469 2039 9689 6201 4570 8698 8890 6622
115 512 5121 2562 3586 1539 5123 1065 1546 8523 6159 6673 8211 4116 1077 8184
116 9248 2068 36 8740 54 822 2727 3097 1082 2619 2093 3630
117 4689 1105 1602 7746 1075 7238 2726 3641 2121 8890 5198 6207
118 7776 8289 97 4706 2146 9123 3178 8301 657 1652 6743 1625 1849 7770 2683 6750 8830 1119 5823
119 6273 7363 7813 5766 6279 3207 1647 6489 1241 6779 5278 8830 9855
120 6305 2274 8868 3271 8328 2058 2188 4752 7312 4144 8853 4757 4758 3223 5271 9791
121 7680 6402 6819 6405 9525 3335 3592 4105 9993 7434 8204 7439
122 166 4264 5288 7336 4265 3753 2217 8874 3245 5647 3287 9531 8477
123 1536 512 8704 4129 7172 5799 7177 9737 7178 5134 9237 2069 4631 6679
124 4736 5698 3138 8258 9283 3143 112 4659 2806 1597 9277 3133 62 9278
125 4688 9826 8275 2932 3685 5733 7270 8279 9801 7787 4027
126 3249 2737 7858 8883 7860 8454 2248 5882 3276 4285 2237 4126
127 1060 9484 3916 2319 6928 2321 2579 5907 788 7700 1045 6678 8470 6679 5399 926
128 1889 3299 1763 8261 742 7883 1483 2768 2832 6867 9492 7895 2267 9949 5855
129 8946 7923 2932 3317 231 8936 5880 6906 6394 6893 319 5215
130 8992 5414 1833 1838 880 2609 3122 7222 3639 3864 2329 9756 3357 7199
131 2371 2726 4142 1359 8496 7474 8534 5431 5495 4921 3388 4414 8511
132 1664 3717 647 1483 5260 1647 4208 9872 1651 3189 4213 631 3195
133 5440 8272 9297 4691 69 857 2638 3934 2623 4943 6015
134 7008 6510 8532 3286 7511 3418 8026 91 5980 8540 8284 6493 2910 8830
135 5953 1282 4898 3362 7971 8899 5894 776 3092 3349 9496 8987 3899
136 3985 9875 149 4245 3735 4744 138 5259 9371 6811 9886
137 369 7475 2915 3749 9381 1190 4775 4264 5289 3228 9374 3230
138 833 2887 3369 1357 8525 9133 1331 2358 2873 2876 8509 6461 3422 4126 9023
139 9568 9056 9059 2404 4972 3980 2415 879 2928 5489 4947 4952 1405
140 1136 9825 2658 9572 2918 1702 1129 1900 5500 2158 2911
141 2272 706 1320 6825 3241 2730 3243 6316 718 4783 1203 9395 4280 9402 3771 6332
142 3696 9104 6513 4737 7041 8562 4758 1499 6269 8574 5503 9791
143 1936 6032 5010 7059 3204 5828 9365 3029 8070 3463 8892
144 2976 3745 5025 7588 3495 1430 9366 152 5017 6553 153 7322 3228 8862 1695 1407
145 8561 4466 1410 3443 5011 4003 6004 8567 795 396 7085 6526
146 8224 4673 6178 67 3621 6726 3623 8744 2605 1070 78 5647 2128 49 6066 8727 23 8216 1593 8765 5695
147 9890 9154 4259 2212 8102 3751 5799 2728 6568 8104 3752
148 4736 3778 2371 9444 4295 2762 5355 238 9486 9945 5338 5850 3294 1759
149 2499 5573 9415 1963 6315 9420 7853 7087 434 5299 7349 3766 6072 954 188 9405
150 8992 257 8163 8456 4458 5902 880 850 4373 821 4887 1847 9978 6940 4380 6941 1279
151 2532 3205 6087 4295 7127 5578 6091 459 9165 4045 7374 9791
152 513 9218 2466 3717 1574 3079 5128 3144 5134 5650 1586 531 8216
153 720 4065 3985 5363 8404 3796 5799 5850 9946 3802 9422 7391
154 7570 6050 8898 2469 1431 9624 795 3484 4508 2957 8830 6143
155 7392 7922 1251 6644 3558 3015 1513 6379 2795 5118 5103
156 8898 5541 6565 8645 1958 2983 423 489 5554 6068 342 6583 6584 8121 441
157 6464 7491 3876 7480 298 826 6445 3007
158 3456 6979 1859 6532 8518 2726 3399 5449 8010 3914 6991
159 4976 8546 1955 6996 1957 1383 5464 8025 3947 3420 4974 7567
160 8129 1697 1474 9157 6773 2550 8123 5373 3326 5886 1982 8671
161 4481 6002 4403 8070 888 3449 1929 8571 1916 7037 959
162 9153 9126 7565 1456 5009 6833 7155 5524 2998 4023 4568 664 3994 6043 5564
163 5585 2516 3540 3013 9173 8261 4550 5064 5069 7629 9325
164 2019 8646 4551 3081 7629 2510 1011 3028 2932 8152 6104 8154 4060
165 7168 7937 8451 6819 6660 4071 6798 4079 5970 2548 8181 6134 3064 8186
166 8898 7144 7657 5004 6125 7661 4591 9298 6643 9174 3574 9721 3034 7258 7645 1503 7167
167 1568 2596 9253 5191 6184 4648 2234 1051 5660 9836
168 1828 1093 1609 4681 2058 4683 7245 5197 3661 9775 7794 3123 4152
169 2147 8659 4708 8280 9819 6748 1134 1103 7247 7263
170 995 6276 6760 6762 6251 4718 2163 3412 2679 1145 5755 3870 6783
171 1121 84 8308 7782 102 8807 8264 73 9290 2650 7114 5196
172 4352 4209 6817 4210 1650 1731 9319 7783 1241 8298 6250 8814
173 2690 5255 6796 9868 4237 4847 5265 2677 120 3193 8827 6779 2172 926
174 1188 681 5803 4876 8367 8882 7316 6836 7670 9880 698 7994 3228 1693 7327
175 5314 7875 2790 3818 7914 5838 3281 8913 7475 3284 9492 1245 6366 1727
176 1264 2278 6902 3318 1847 7400 250 7405 750 9966
177 8194 4355 4356 9733 6918 9223 9481 2057 1291 3852 7948 4620 8973 9776 3092 6460
178 6913 8979 6260 7415 775 9464 3337 329 6938 4861 1886 6399
179 6307 3716 7307 5676 5773 1677 2702 3280 4754 2706 4882 8855 9369 7710
180 2736 1712 689 1699 4275 2212 4264 2217 1694
181 4912 7474 5923 7492 9493 6952 9498 5930 3930 5050 7613 3390
182 192 4800 4289 9922 8995 8261 7350 3766 2232 185 2858 3774
183 2384 2404 7510 870 3144 8010 9563 4955 8524 6476 4956 1183
184 4484 9094 9512 7019 1900 8652 7538 9619 884 4470 7545 7097 8058 3967
185 1937 915 4500 6053 8837 9110 1417 3481 8619 8604 925
186 4849 195 7379 4836 6854 2790 199 4295 5335 5853 8446 8335
187 7617 6754 5035 2571 1965 8109 1455 433 8498 3509 6072 3512 7609 1241
188 7408 4865 4674 4339 772 2836 7447 2809 746 5915 7916 7966
189 5408 2337 7458 6610 804 5828 6439 2343 5943 4906 5917 1325
190 8529 6453 6470 7479 8072 7978 7483 4924 1837 9998 8511
191 4576 5059 3527 8523 8140 6094 4561 7123 3544 984 474 2013 3519
192 2033 4083 4581 5109 9863 7147 2540 1517 2557 2030 511
193 2369 8097 7507 9541 854 3926 9047 7001 1465 6521 5453 5966
194 7553 6113 8097 392 7560 2416 5104 8049 1938 3449 2907 1372 3452 9597
195 4521 5515 2958 9616 1936 369 5970 2451 2964 6553 923 411 1435
196 9664 418 8642 4548 2502 2118 5544 4009 2537 1456 6579 1471 6591
197 7122 1490 8739 6612 1492 4054 456 8680 5065 4041 4043 7644
198 6161 7697 3346 6930 2324 4885 2070 2839 3431 4969 3854
199 3397 7143 4583 2025 8649 8170 6635 9711 4080 9712 8176 7157 5109 5112 5406 6655
200 2562 1028 4868 7 1241 8202 5643 2827 3085 7950 9246
201 7969 6692 7368 6441 6795 6284 880 2066 4631 4377 3865 9722 2043 5691 9500 8191
202 8484 806 295 8247 6184 5672 9241 3882 1886 5151 5663
203 6961 4401 4145 2932 5030 57 8250 106 6459 3373 8239 4399
204 321 6754 4932 1065 3626 4907 6446 6703 6966 4919 1851 6716 6975
205 6212 9797 4679 7239 5799 6984 73 2121 5706 9548 5676 9295 8437
206 1124 7781 4173 5456 6993 3410 1107 341 5205 7253 8023 9303 7319 3678
207 3937 5249 5154 8549 1382 5222 871 7273 3691 3181 4722 6228 1849 7771 3196
208 3138 8898 995 4677 4421 9543 8007 8521 8522 8015 7535 4439 3672 8764 3389
209 7040 5522 2948 4484 1909 8085 4231 7047 3144 6523 8062 4222
210 8544 5472 7968 353 6242 4963 3174 9806 4176 3154 5977 6745 7001 5882
211 8261 9065 874 7020 4974 1903 6511 8303 3440 6512 9074 9586 7540 3412
212 4003 7686 5267 7575 4761 7578 4250 1658 2459 4764 7325 8863 9631
213 160 9888 6049 7154 675 2724 4262 7080 5033 7915
214 4385 3955 8052 5492 2422 2423 8058 2172 6798 639
215 964 5381 8649 1707 9388 940 5292 4012 4525 6061 9902 3761 5300 1206
216 6339 453 3784 9675 1072 7606 6071 4792 1977 4282 4539 4059 6844 8124 4541
217 1987 4806 5320 75 5069 4813 9421 8653 2253 3790 6862 4815 9424 5695
218 1761 8163 7435 4334 8401 9426 1490 9172 2004 2005 6326 8152 7898 5341 7646 5855 4063
219 736 496 9968 497 8689 5859 2292 3062 5628 9660 2797 1886
220 1920 9344 7298 899 3397 9462 7558 3144 7305 2058 4605 7293
221 8261 5516 3468 6028 2704 3219 3733 4246 8088 9371 6365 8351 6815
222 0 6400 7428 261 6 5896 3144 6669 7695 5393 5653 8214 281 8478
223 4768 7586 5540 2740 9125 1193 5481 3228 9901 6798 9119 6575
224 9648 8912 8626 9907 7348 2231 8120 9401 955 7356 8895 5215 9791
225 9664 8769 9411 5317 197 6602 7883 8942 4728 9917 8383 3263 6175
226 5329 7633 8403 2260 9431 1191 4825 1228 8654 5647
227 7649 9442 3298 4323 4325 6361 5353 4441 2796 493 3038 9343
228 1825 6894 1777 6386 9298 4596 7412 6133 4341 7926 1015 504 9592
229 6947 9796 8108 9745 8498 5657 2073 9722 2554 282 794 4091 6427 252 8830
230 7680 5121 4099 3587 5638 9542 4618 4620 4112 528 1552 531 5652 5145
231 8736 545 8226 3619 7267 8740 6693 3397 2088 7720 7994 1566
232 5417 42 6442 2859 2604 4652 44 3118 9775 1583 3407 6961 2132 5882 9980
233 832 6979 2627 5477 3126 6715 1851 4155 7228 4925 3390 9791
234 8004 4676 325 2693 9286 328 2634 2379 8011 3148 6223 6735 1560
235 3920 1106 4692 6229 3670 1366 3927 9048 3162 2638 6366 1886
236 1633 6501 8808 8283 1883 9564 4461 9822 4703
237 4736 6257 625 3445 5497 8042 7531 1643 7277 6333 3439 9071
238 2601 1585 3635 2068 7188 6708 3606 4694 8732 6684 9245 8222 7262
239 9265 1665 2114 6738 2116 612 8764 3660 5197 3134 7790
240 129 3233 4994 8578 9091 7306 3211 9356 9613 3703 4537 537 7547 1147 1406 3711
241 2178 9859 3203 613 6760 7279 8815 7281 9843 5238 5882 6686 8830
242 6289 7313 5267 8086 1830 8087 4504 154 9402 5772 141 9630
243 7328 161 2723 163 5796 3239 7851 8875 715 5647 4403 4506 2204
244 8368 4576 9653 6773 5814 9143 5288 7897 6571 5549 7599 4271
245 8641 3777 2765 9753 1241 442 6332 6590 4286 6846 8894 5566 8830 7871
246 9728 4100 7942 2056 8456 4617 1806 4878 272 3792 8465 3639 8985
247 1474 822 1481 9945 4314 1500 8653 685 4046 6351 4047 6111
248 4065 1825 6754 132 1509 5610 4074 493 6381 4846 6640 241 1270 2295 4087 9211 9467 5628
249 1189 4744 5257 7435 3212 6287 9872 5779 2707 2201 7322 667 7611 8349 9887
250 7842 9900 7853 7409 8370 4277 694 8377 1276 2237 3326 6302 5791
251 5313 3778 9410 8390 6343 7367 2363 75 9932 716
252 7393 8421 8936 1773 8913 1777 7410 6675 4312 8921 4825 4316 2782 1758 5342
253 2305 6386 5378 7426 8035 4852 2308 6916 281 4858 4862 766
254 1856 4369 1812 3974 4391 5915 2860 2845 782 6430 2335 799
255 867 9059 2374 5030 809 9546 2862 5422 337 3891 9011 6454 5432 1849 8507 2364 828 829 4509
256 9042 8163 7509 6998 3928 6074 3404 5967 7519
257 9601 1954 3427 7011 3428 1383 8552 6510 5487 5491 2423 6103 7546 8573
258 7056 912 5009 9361 7042 8579 1941 2471 5001 8074 1420 8111
259 419 8613 805 2983 3784 9641 6058 2479 4020 3479 439 7128 8601
260 1475 6070 1033 5578 7626 5563 2507 7100 3516 5340
261 768 6625 4053 983 1513 1241 1849 7627 8139 491 8157 9182
262 5413 6442 3564 7661 2542 3600 499 1525 7189 9561 2586 5627 7195 5629 9021 1054
263 9217 514 5638 3079 5162 9739 4107 8717 6574 2575 3089 8721 538 1050 2234
264 3906 6469 8261 1062 2151 2856 8746 6699 4659 9299 2932 2358 2102 9944 9529 1082 6716 4159
265 6976 1863 7497 4426 9291 7243 1101 8013 4174 9550 7534 5715 1849 9023
266 4177 4689 9043 4948 6532 6232 7514 1117 5711 4959
267 2097 6179 2595 5669 7994 603 1068 4157 4142 2591 1071
268 8560 1457 5986 1378 6258 8898 7013 614 9322 8043 7263 2671
269 8420 6513 8305 369 6004 6517 1397 3447 9080 9082 891 8827 1405 7807
270 5924 5190 1094 2119 4681 3660 1100 5741 7247 9269 4152 6202 6266
271 4224 640 6786 1411 6276 8836 2695 9864 137 906 2187 7435 1420 5260 7316 6489 1690
272 3746 2979 9380 5796 2726 5287 6058 2447 5522 4243 4757 8345 2204 4252
273 3666 7251 2869 6743 8279 1113 3673 3113 2652 7263
274 9383 7337 7082 7914 2219 5035 9899 5548 6029 8880 8882 9907 9397 8662
275 963 8131 5317 2503 6407 9836 9911 8120 699 9147 7100 1981 191
276 6242 8810 7786 3823 7796 3189 822 7735 6264 8825 125 126 5247
277 1987 2932 2758 199 2504 8904 3016 3801 1738 4509
278 642 3715 6276 9317 680 6281 8873 6827 9900 6831 5777 8723 180 822 2711 5788 2751
279 8144 1253 4822 5082 2011 987 1756 3548 764 4140 5086 735
280 4578 740 6373 1765 8936 2312 2027 2284 2030 7390 4335 5647
281 2803 6899 5620 4596 2453 2552 1789 9198 2287
282 705 645 1784 6328 7929 7097 762 7994 4094 4862 6399 4351
283 5314 3794 3492 7880 6360 1849 6330 5834 3290 734 3807 239
284 4833 8930 740 3844 8422 455 744 3310 8430 8945 1810 6388 2808 4890 8634 5882 6940
285 3360 2849 2932 1317 310 7464 3368 3370 284 797 4894 8991
286 6468 838 6985 5962 817 3636 9015 5945 3898 826 5435 9019 4860
287 1360 3424 6497 2407 9048 7513 346 2379 4428 5118 4959
288 4736 7010 2406 6503 2920 8043 4971 9580 3440 3632 5490 2964 4982 7581
289 9600 2449 899 3463 920 9112 4969 8090 4987 9165
290 8097 3495 938 5035 6795 7089 5557 8117 5623 1978 2490 3997 8094 31
291 8097 4549 6085 454 6182 5799 4041 9673 4810 5584 8658 1464 1468 3004
292 7136 1281 487 491 6795 5614 9200 496 8659 4565 6134 1849 6139 9693
293 5632 9984 5377 7427 7429 4102 8198 2823 2568 8714 6731 7278 6574
294 9730 9222 1063 2568 554 9739 7213 4141 173 5135 3087 8241 5650 8212 1562 8830
295 6947 6920 9480 1288 5385 4620 5676 4368 7698 6419 4373 1269 1048 3609 4890 2138 3867
296 1955 3620 5126 3591 6189 1070 5678 1587 8787 2101 7702 8219 1566 3614
297 5696 6785 8097 995 5189 5705 5741 8786 1588 7222 3133 7229 1085 5182 6719 2623
298 6692 4645 7397 7977 298 4395 6963 9014 54 7097 1241 538 1311
299 6979 3908 2121 2379 3819 4172 2126 5366 824 6457 3130 6973 3134
300 6720 7730 3123 3142 4166 5688 3130 3658 5932 5181 5694 3631
301 848 6224 4692 4437 2901 4183 6733 5966 5711 4735
302 5730 8898 8804 5222 8294 2919 615 9321 1900 6510 622 751 3986 90 349 5214 5982 1215
303 8898 3242 9324 6770 1651 8564 9077 9849 8314 3707 8827 8860 126
304 1920 9105 9874 2692 9092 646 2182 7816 1560 6795 2957 7677
305 2560 1056 5634 9730 9731 8195 1552 2577 6677 2197 5654 8216 8218 1562 8830
306 7074 1186 4515 2915 7085 2450 2452 5012 661 9366 3542 7575 3994 6557 8862
307 3249 689 3762 4262 4008 5802 7628 2733 3645 7342 6830
308 5824 1520 4801 6579 8628 5799 6073 3513 7098 1213 333
309 7376 1218 1475 6597 7366 2775 6808 1993 1226 1484 5837
310 4816 1744 4304 4544 4817 8913 4562 8407 9948 5884 3021 6877
311 2640 1633 3171 2932 3685 5733 9321 9804 5740 6365 5214
312 128 7786 6770 658 6772 628 9848 1305 7802 4730 7323 1662 5759
313 9696 9185 740 4327 9703 6890 1515 1518 6126 9202 5330 2014 1502 1759
314 768 7368 2798 2290 3827 4084 7924 6389 8186 507 3579 6907 9979 2300
315 3712 8833 9873 4946 2692 2709 9893 5258 2714 3324 8701 5821
316 4272 4771 2869 8854 3735 9897 7338 683 8363 9387 1870 2207
317 9217 8193 9761 5665 7460 1029 8198 8718 3601 6674 7828 2582 822
318 6176 6690 5668 8229 9317 7206 8743 6183 3175 8748 3611 29 1565 8830
319 9266 8898 7222 9769 2602 6666 5675 4667 44 5181 8751 6735
320 7232 8272 8273 1619 5719 8151 9800 7228 6207 4159
321 3173 9863 8297 5711 8305 1107 2135 7256 88 9817 1849 602 3164 6239
322 3777 1217 1198 4784 6320 82 694 2742 4855 9401 7355 2237 7007
323 8769 2274 195 4867 5829 7365 5830 8487 713 2761 1739 7376 9938 3794 5849 1242
324 1248 3825 2786 4327 4841 6874 7387 6878 2271 9967 1375
325 6913 1794 1826 9971 8947 1780 8438 7686 5367 3833 5887 767
326 9476 8455 4969 9995 9483 782 1295 6479 6255 8976 6417 3859 8467 4887
327 34 7204 1061 5190 7720 5673 7721 5163 9771 3115 6767 2642 4532 6750
328 800 5410 810 4912 819 2867 8980 6456 8505 2874 4444 6430 6366
329 2976 8385 4418 6467 1347 3910 1863 1352 8521 334 9039 1877 6974 8510
330 4352 7025 6498 2930 8050 373 7063 3433 2411 379 2925 7998
331 9251 612 5714 2643 8275 6744 1625 2649 1849 3194 5724 5213 8798
332 386 899 1412 420 5511 1928 970 6315 9100 9613 4498 1426 3478 407 1241
333 3488 2497 2980 1284 4773 425 6058 9132 8603 9116 3518 1886 5535 8127 1983
334 6118 6087 2506 3531 4555 1998 2320 1489 2385 2002 2003 9207 5599
335 6752 3169 2145 4195 7779 6217 1483 560 2131 4693 2645 5209 4191
336 8160 5105 7153 1506 6115 3348 6117 8182 1320 6105 6634 634
337 5216 9857 7298 5260 333 6254 2227 9719 4087 3739 1660 6238 3167
338 9360 1185 8097 5283 2723 8324 4260 8343 1176 4250 4254 2238
339 8097 5250 3714 9860 8841 5769 2705 3703 7802 9882 3739 6269 5245
340 1728 8356 551 7336 4776 6872 9417 8394 6317 2253 9933
341 8896 6291 8355 9891 6293 5286 4775 4792 3227 7339 1886 159
342 7344 8912 4786 1714 1207 3768 8377 1882 4427 3262
343 737 225 8404 6374 743 2264 7914 9963 9964 733 9454 7406
344 8161 2275 4837 199 9960 9422 6351 9941 216 7384 3832 730 5311
345 3687 3015 1641 5225 9322 8812 4720 2162 114 6772 8885 5755 8862 6271
346 9344 9348 1190 8839 3719 9354 141 5775 4241 9714 9875 2715 1179 9372 8830
347 9474 3847 776 4969 5358 5393 754 8436 6388 5910 9976 4345 3322 6172 8957
348 1185 6822 9895 681 9897 1707 8363 3761 7409 2226 6836 9397 8376 1721 7836 6815
349 4416 1345 6470 1351 5931 3884 173 7985 5457 7475 1816 7962 5402 6939 284 4414
350 4832 1251 8389 6853 6885 5352 715 5836 5839 1748 7382 5942 5336 9434 6367 9791
351 8944 6387 9251 7412 3317 1781 758 7974 4874 7916 8430
352 8035 7528 5965 335 4432 6481 6482 6483 2388 1368 8187 349 4446
353 9056 872 8072 361 2409 3049 9580 1901 5005 7022 1390 6000 6513 1395 3795 4986 2911
354 2983 1960 7592 6122 432 3474 3092 4982 7065 8061 3453 6047 6175
355 3841 2819 1799 2283 7468 2289 9970 1780 7416 1560 7417 4347 5883 4382
356 4864 4544 4870 4391 5415 2824 2313 5104 7442 9495 760 2841 281 9533 799
357 1456 8112 8117 439 6583 3015 2361 443 6060 8109 7103
358 305 9537 836 2372 4964 1334 6982 6951 4423 8399
359 7008 5986 3944 5451 3920 3792 7507 8021 2902 5464 4763 7005 8030
360 4884 1301 6919 2151 8473 7434 3355 5004 3853 5903
361 3555 9685 9173 3014 9673 4553 4587 7132 1485 5583 2095
362 497 7174 1527 5111 9719 9704 7161 7146 1003 1308 7661 2350
363 1891 6819 7013 9062 4966 1383 9581 1903 4976 7029 2421 3446 1849
364 8490 8527 3380 1333 5945 7097 1338 9530 5882 3899 5949 2397 5407
365 9601 8097 7542 5510 5496 6008 7032 4472 2426 6047 3487
366 6464 2466 5443 3907 8004 2389 4952 7498 9980 830 9039
367 1429 5061 7174 7560 8088 8104 8424 2457 7562 5083 2958 7054
368 8113 5041 4545 9651 5046 5559 6600 7624 8108 173 1966
369 2528 6630 7750 4557 8686 3054 8687 9679 8660 6616 7129 9178 6138
370 8544 9060 1380 8039 6505 2922 3242 4594 886 5116 2557 2046 5470 8543
371 5504 7554 6020 1925 389 392 5001 7049 6345 9100 9069 6003 5299 378
372 9122 2956 8589 6542 8591 4496 5040 4501 3477 407 1976 5019 8830
373 6576 9172 8646 7622 9175 456 1979 9659 7101 445 942 6574
374 1025 3554 4581 1510 7112 457 5609 2026 3019 6164 8183 7642 8636 7613 990
375 9729 6657 5378 9219 9767 1288 1549 1518 2063 3057 3058 1015 9791
376 8976 9136 7954 6418 8898 7443 7188 5657 1038 926 5391 3343
377 2561 7202 7683 8710 9736 5165 5646 3603 4627 4117 5143 7613 5215
378 5186 4643 5668 5669 3271 6152 8746 9835 1070 6196 3096 6682 5659
379 9827 73 4682 2347 1614 5742 8723 9269 1849 6715 4667 1596 6238
380 9761 2337 3122 4643 7190 3622 8983 2855 3015 284
381 578 7210 3371 9774 6798 1332 7220 1077 9271 8760 827 2366 7262
382 5456 8784 848 9025 6722 7237 2373 9032 5082 4156
383 5472 5984 2657 8898 4163 9810 6739 372 597 2133 9813 1366 8534 5207 3927 7001 2908 1116 1885
384 9312 5237 8310 9399 2680 6280 9370 795 5228 1660 7804 1133
385 5264 3041 6754 148 2183 4744 4748 125 5774 3727
386 3747 7331 8356 5800 9402 9387 7339 1483 4268 4269 1710 4255
387 4448 5218 6242 4674 1891 2404 1381 3685 1382 9822 3166 9791
388 192 1737 9419 7372 6798 2741 9205 7352 1209 1723 4283 5307 2239
389 1392 7538 7539 8052 9079 2408 5736 3689 6762 3180 2316 8815
390 9440 8435 9957 8407 6360 6074 4828 733 1230 5343
391 5891 9448 237 3312 4848 1808 4337 6388 4342 8694 3321 250 6780 2302 7422
392 6912 9489 770 2324 2340 9332 2824 6409 9485 6911
393 3200 7810 6020 1924 1669 9862 7334 9864 2697 2953 8081 373 4727 5882
394 1954 4805 653 7566 8338 9619 9109 6037 822 2456 2970 8603 6811 9883 9118
395 3075 5669 3080 6665 6154 5194 8715 7212 7120 4626 2581 2104 7196 3102
396 5938 3394 5925 3381 8998 7990 3880 7465 3869 9117 2846 7998
397 4944 4352 3908 1556 4423 1352 8011 4430 9023 9039 3919 9551
398 8544 353 868 7013 1384 1320 8553 8044 6508 5487 4465 8662 4951 4442 1371 7583
399 7075 3749 933 4552 6825 6666 9643 2731 7852 7341 5809 7090 9652 6773 8092 5023
400 7460 9669 967 8905 586 9932 4308 4790 6841 953 699 4284 6079
401 7057 2961 9090 6562 1925 4997 1957 904 8061 1918
402 4001 1314 8101 7591 8104 8593 1969 9107 4531 7062 5527 9687 5528 1945 9116
403 4304 2514 7381 7686 8152 4824 9945 9753 474 7372 2509
404 8677 7656 6808 4826 7898 7642 2555 988 5084 6381 4831
405 37 2090 8431 3407 2033 3825 2291 6901 7158 7897 7676 1021 7422
406 3520 3009 1989 967 6602 5194 1485 9133 6607 8143 5072 952 445 3039
407 9219 5 2598 2057 6670 4110 5647 1552 4114 3090 6677 1053 5087
408 6114 999 2024 7656 8424 8169 5613 4592 4083 5299 8153 9721 4089 3035
409 3584 2080 2625 2051 4647 5256 6671 1042 3635 2069 4119 1018 7707 8188 1564 8189
410 7968 9265 6709 3637 7718 9255 9258 3628 4639 3615 1599
411 6193 1731 9800 3115 7755 3628 588 1102 6222 7727 6191
412 5712 1089 1602 4691 7686 7225 2121 5178 1098 6715 5198 8478
413 3680 1121 6884 3686 2663 3688 1640 3153 4370 8723 6741 629 7257
414 4352 8322 4739 5766 647 6521 9354 8812 4748 3724 6782
415 4706 3174 1638 7788 109 1549 5199 2159 4689 5204 2197 8310 4695 9847 9311
416 9377 7842 4778 7821 4749 1166 3279 3732 149 6294 9878 9366 7320 9882 9980 5277
417 7845 6309 2215 9385 7849 7337 204 9389 4269 3823 4784 5296 6839
418 195 3252 3285 5334 2759 2551 8904 6329 4300 191 1743
419 1249 6881 2260 8342 6361 7897 2266 4314 5339 9947 5883 1245 221
420 1825 1794 1795 740 9444 8261 8425 8939 4331 3915 8940 8949 3832 2300 9980 1789
421 6912 3856 8962 8466 6418 7442 5895 4360 9992 286 4078
422 2352 1313 5427 9508 4885 5941 8502 3910 2343 6443 6987 7006
423 6997 2886 5462 1366 9558 2887 330 346 1482 9818 9052 9549
424 2912 8580 3941 4453 805 870 3944 4976 3442 7539 4820 347 8028 8542
425 7296 8320 6785 1889 3363 3206 9351 7368 6345 1674 174 5265 5268 9335 8316 8351
426 1392 4480 4992 2418 2930 1410 6020 1925 3462 7686 3495 4392
427 7857 1665 6322 5284 676 1717 822 696 7338 6829
428 9123 5029 4488 3979 9611 9835 8077 402 1939 2452 407 1849 5021 3998
429 7074 7106 932 2981 3144 5548 432 4017 8113 2996 6069 1878 3550
430 9169 4578 6115 1492 2532 1157 1480 4074 9678 430 2015 4575
431 6336 2914 2915 8692 8693 5830 4806 2535 4603 5613 5630
432 3808 6340 7878 7686 1223 8907 7148 5741 9935 209 6865 9428 9941
433 3809 8930 5347 2279 5864 2666 173 7923 214 4343 1752 7898 4315
434 6181 2598 38 6151 3623 9736 1032 8233 1579 2094 9775 7184 4625 7731 2070
435 2289 2306 5875 4244 3829 4341 2295 6391 7400 5882 3837 9455
436 576 5698 68 7239 5799 6216 8752 5173 5717 1590 342 7769 6716
437 6754 8964 6405 8970 6927 9488 2385 5394 5908 6198 2842 3866 4351
438 3939 9925 326 9513 2377 8490 9002 6093 3886 8495 5939 6455 8479 1343
439 7505 865 5473 1250 5461 4454 361 9051 1373 1886 847
440 2928 8100 2424 3960 5000 2921 5993 8569 3947 7037 7935
441 4512 4482 1412 421 4487 6055 5513 4521 7563 1938 9396 6555 5020 5021
442 9953 4546 8103 1320 7593 431 6608 4530 9140 2997 7607 6071 4024 956
443 2002 1490 4037 5799 5592 6585 7129 5595 5580 988 45 7135
444 7682 4099 2052 517 4104 9224 3080 8716 2316 9261 4110 534 7193 5882 3611 2587
445 4083 485 9190 5110 6136 5610 5597 2525 9695 8175
446 48 5170 8770 1830 3640 4168 4153 7196 2604 541 1069 8751
447 6721 7249 7265 1170 6244 597 5718 9799 8279 4186 6219 7390
448 1649 3745 6245 5223 9319 9817 9753 90 5738 7275 1643 8780
449 129 6113 3715 2181 135 75 2190 3764 8821 2169 4218 9853 4734 2175
450 512 8449 4866 4612 2053 6663 5799 8459 5132 780 9232 2322 4121
451 2696 9864 3723 2731 7821 1679 4751 4752 1688 3225 9369 9882 6460
452 8097 163 9379 9892 4269 3757 3245 3374 5807 2223 687 7345 7321 158
453 8294 8807 9320 5736 1130 111 3183 1136 1137 3187 629 2166 8952 6777
454 4736 8226 7716 3112 5673 5674 140 2606 2096 560 2615 8890 2076 4638
455 577 2114 3666 1603 9782 167 1080 6728 6202 5211 2126 3070
456 4352 2306 4292 1739 6861 4273 1204 6324 7828 7350 8377 9401 701
457 6272 4737 8839 1672 9352 9354 652 5676 2173 9869 3727
458 7889 8916 5799 4296 5832 201 7371 4300 2684 5310
459 224 9456 3825 6386 2771 324 6888 1241 8413 1246 2783 1247
460 9828 5221 9829 6821 615 5736 1641 1620 5207 3163 3995 8189 4703
461 641 4225 2162 3186 6274 8808 620 9324 9836 4222 7806 5247
462 160 8353 1698 6821 6310 3238 1194 658 1203 2230 822 1688 665 1690 6074 5276 1181 7838
463 6928 3826 754 8963 4870 2311 761 2298 2810 7420 1790 6686
464 4288 706 4290 7879 4776 9705 8649 9901 5809 8884 1236 218 9915 5309 1726 6846
465 4769 3761 674 9859 8851 6292 2708 1669 6806 2200 8649 4126
466 9394 1700 7336 9896 1192 5304 3241 8362 5293 4301 6366
467 8609 2339 9510 6952 5929 6922 299 5676 1806 9495 6938 282 5914 2365 6431 4895
468 5440 9552 6465 6977 8516 2932 9014 810 251 6972 4925 3903
469 8929 8933 8965 3303 6348 5357 4304 8401 6994 2803 8405 8407 7389 5854 1886 31
470 2787 5891 7364 7877 1734 8523 9933 4847 6835 1749 1239 4824 8411 4286
471 4544 1764 5348 9446 7911 8935 9960 9963 4332 3407 4339 3804 732
472 2305 7937 6754 4358 9992 7405 749 6413 5075 3860 6901 1783 1305 9467
473 8451 9988 7413 773 9462 8967 5481 9978 2826 5371 8447
474 7492 580 2885 869 3397 4455 5484 1871 3408 7538 7001 3930 7002 1372 9054 351
475 321 3144 777 7946 2829 4909 815 2832 2834 4371 6485 7958 2838 9561 7099 8638
476 7587 6532 3975 9070 7024 4467 3477 918 1911 7064 9593 1402 1434 8091 7036 5022 7583
477 3942 2383 4431 465 5458 4947 8723 2901 2806 8026 315 6491 9023
478 2464 8097 5027 5031 7592 5545 9165 9647 8112 2004 1464 1981 6590 3550 2495
479 8049 1907 8739 4486 8555 1404 9069 6509 7037 6013 2430 9071
480 2496 7107 1507 2532 3557 8653 2510 1490 9171 2005 4572 2044 3549 9694 6143
481 5987 420 4009 7435 941 7085 7571 3988 2452 3477 2454 8599 7576 8604 3485
482 3011 4549 8454 6089 8523 1997 1454 3023 2000 3506 6582 6585 8125
483 9702 1862 4071 1514 8970 4877 782 1808 3345 8691 4851 5909 504 7673 2558
484 5923 3397 5927 1833 2860 1326 7982 9006 1902 5518 9519 1811 2840
485 5425 2865 2882 4420 9013 2358 5958 3896 1549 4398 5950 8495
486 7136 4352 4581 2022 455 6121 8585 3819 9200 5587 7157 7643 3548
487 2900 853 854 6487 7497 4425 4442 9306 5964 860 5967
488 9570 903 9098 3436 6029 1394 371 4499 6516 3445 8952 7515 8027
489 9184 2539 7147 6637 7151 4496 4945 500 6036 5621 7548 6046 9791
490 8481 8996 9512 1550 9745 6419 4629 2582 4886 9239 4887 2840 2331
491 4513 5569 5026 9128 6573 6061 173 1968 3987 8694 2973 1469 8607
492 3536 1985 2626 5044 2516 5030 9143 9160 6585 6092 9196 5581
493 2532 6631 7047 7656 4076 1521 7671 8762 7994 2012 5597 8734 7647
494 6945 7202 1058 5926 5030 7979 7148 6445 50 819 4659 5683 7635 7966
495 2112 3650 9317 5030 8760 2632 7225 4409 9274 9019 6222 3391
496 834 4422 1320 8012 7918 4175 6735 8532 8788 5717 9078 8791 5495 4952 1529 7258
497 8033 3233 9314 6498 7522 6500 8261 6248 4457 4974 5942 7516 863
498 5647 7024 7281 3985 627 6515 371 3699 3445 6518 1142 1145 3449 7546
499 6016 9089 3795 2436 4744 8329 4731 2427 3453 7806 2206 1919
