100
0 2368 195 579 134 1031 4297 266 11 1167 5263 146 531 854 217 1885 734 158 543 4128 2403 229 37 485 230 38 7660 110 6767 242 244 5429 567 122 1403 124 638 319
1 579 195 134 266 11 76 205 592 146 1432 217 5017 2332 158 291 2403 8419 229 614 230 615 2344 746 171 109 110 4082 5814 183 567 2297 122 5562 1018 254
2 1858 579 195 1092 580 710 1993 1932 205 5454 4751 592 146 722 5395 3224 158 1055 1440 675 229 3045 614 230 8936 616 1897 171 3694 110 6767 242 1079 183 567 7672 1080 1464 2488 8889 122 1018 319
3 66 195 579 6 1415 2248 1738 1356 76 78 8143 7696 5136 17 146 722 2261 278 87 217 91 284 29 158 30 1632 42 3946 1452 7021 3439 1263 5875 435 6838 758 54 6647
4 66 518 78 974 2511 3344 3088 17 722 854 472 217 5657 91 3356 29 734 3550 30 423 42 109 817 3381 54 122 506 9468 6973 1726
5 3777 66 195 1092 76 5069 78 17 146 1432 91 4189 29 158 30 1439 3618 675 291 484 229 614 1319 42 301 109 5550 110 626 242 2547 54 567 313 122 8060 638
6 5633 5442 66 580 4165 710 8072 5452 205 78 592 17 146 217 29 30 8096 291 1187 9444 229 230 1319 42 171 110 626 7346 54 1079 1080 122 8890 7674 1403 254 319
7 641 323 901 6 521 460 781 78 5647 207 3344 17 6356 1620 1429 5718 2199 281 3995 2523 91 29 925 2212 4647 42 3633 244 52 1141 950 1846 3320 6200 122 1466 1722 891
8 3777 195 580 6660 709 134 518 8456 1993 266 76 2381 205 2765 783 3728 146 1043 1427 278 602 158 1439 229 614 230 171 110 687 2415 8432 242 567 1080 122 1403
9 327 712 1289 1162 13 14 910 15 1168 8977 8082 339 341 342 6359 986 3229 221 5344 100 6117 102 39 6248 303 368 1908 246 951 126 831
10 4 1285 6 6790 3526 455 1611 76 3916 653 15 17 854 2454 3415 215 87 88 1114 91 219 27 1180 29 30 2848 480 5217 227 677 39 40 42 364 244 52 54 950 3961 1787 1021 319
11 128 388 901 6 266 2826 9098 910 16 17 9745 340 1175 91 3547 284 29 30 222 1248 6179 102 42 4780 364 110 4334 1774 3439 368 54 248 4346 2875 6971 3645
12 66 962 388 3910 6 6152 3657 7241 76 78 1550 17 7251 2836 9241 5657 411 91 4700 29 158 30 1248 4576 4454 4263 937 42 3946 2800 689 4275 2741 4285 447
13 2114 6212 6 3271 521 781 78 719 3667 8275 281 3932 604 220 29 1501 30 352 545 5285 1190 232 744 42 689 1905 6899 244 52 6389 3643 6971
14 64 1346 4 264 1611 396 3853 15 785 467 1939 276 406 87 600 27 480 929 4258 1251 2660 40 105 3948 431 239 8241 2226 2740 311 1976 3770 9723 252 8255
15 256 1537 1670 6 582 3209 1417 521 268 76 17 594 3476 219 6875 220 29 30 4706 6946 998 6887 616 232 1513 9001 42 5682 244 54 1273 569 6716 1405
16 1920 3841 66 1858 195 134 710 4550 518 266 1932 460 76 205 1488 592 146 722 4562 1427 5971 663 217 2777 602 1307 158 8419 229 1189 614 42 171 109 110 242 5430 54 183 1464 122 7611
17 1344 3777 66 134 1415 2248 3082 78 3983 17 146 1427 278 663 602 91 29 158 30 675 1381 614 616 746 42 555 171 109 110 242 54 313 1722 8059 9853 254 830
18 66 134 1990 9419 12 1356 76 205 13 78 17 2777 91 411 29 2909 158 30 543 100 484 230 39 2153 42 171 435 54 1143 122 830 126 6142
19 66 8322 579 323 3332 388 134 6 1224 266 842 460 205 78 207 17 146 470 1307 91 1180 29 158 30 8226 291 2596 229 2153 42 1834 1966 2224 5297 244 54 4153
20 66 579 134 6 4812 76 3021 78 2511 17 3922 531 2836 1175 472 91 3995 29 30 543 1381 423 4200 6826 42 171 109 7346 435 54 183 447
21 66 709 134 710 1738 459 460 76 78 592 17 146 1682 5334 472 29 158 30 3427 484 7524 9253 230 42 171 555 1515 110 5934 2031 242 435 54 502 122 5501 3069 3070
22 66 195 579 6405 6 327 2248 460 76 2189 1102 17 146 339 3669 472 91 1627 3356 29 158 30 4454 423 42 171 109 110 1199 496 817 6194 54 1726 447 1151
23 66 195 579 771 134 5574 2186 9228 205 3598 78 17 146 217 91 29 30 9317 3753 42 109 1393 242 54 567 3704 313 122 1018 1403
24 3393 66 2885 6 4297 842 9228 78 8336 17 472 1114 91 29 30 3934 7008 1187 423 7527 42 109 878 496 3440 1138 4212 54 506 2236 1151
25 66 771 580 388 1608 4297 842 8650 1165 3598 17 339 91 2523 29 158 30 229 423 746 42 301 4525 109 9133 496 1200 54 3126 2297 122 506 315 830
26 7552 66 962 3332 6 1799 9289 1356 76 4429 78 17 146 2258 531 339 472 91 29 30 866 7524 998 42 5226 109 110 496 949 54 2934 7287 506 1787 315 2491 6718
27 768 1537 323 6 2887 521 5900 268 76 1165 207 720 339 1491 2838 220 545 2851 6307 293 4069 232 2802 244 6261 2549 6332 1917 1405
28 1344 3008 66 195 3332 2248 459 1932 9997 78 5008 17 146 339 472 795 411 29 734 3550 30 2848 866 291 1187 484 2212 42 171 1452 496 54 1018 6395 254
29 256 323 6 1478 7047 1417 2826 2187 76 207 719 17 594 1236 5780 281 91 411 219 2525 30 3234 293 998 244 1141 8309 7096 569 7290 315 2491 4094
30 66 707 6 1224 76 5261 3535 207 719 400 7059 3283 340 6741 1429 87 1177 281 1114 604 1180 3997 352 8544 8226 4454 9383 937 878 1454 690 9779 628 244 6261 2549 569 1978 7867 1917 4478 2814
31 3968 256 9985 6145 388 9924 2246 6 1929 76 781 78 3790 207 720 17 594 3861 665 91 220 29 1248 677 8358 1128 40 2537 42 1834 303 7216 689 6001 7922 9780 52 54 950
32 195 7684 134 518 2439 266 5322 205 974 146 5971 531 278 5334 5082 795 3741 4958 158 5983 2464 6048 675 291 229 614 230 5094 171 109 8877 110 183 122 8635 254 319
33 5633 66 195 579 580 709 4549 518 3526 1993 78 2320 3537 17 146 531 2261 278 663 1368 217 3995 91 29 30 484 229 1511 42 109 110 5934 1583 242 54 183 313 122 1018 319
34 579 195 771 580 134 266 651 205 146 722 278 1944 217 284 158 1055 543 675 484 229 230 5928 171 109 110 242 6194 758 567 183 1080 122 1403 2043 254 830 319
35 1920 2560 1092 134 651 7180 3916 205 5069 4751 592 146 1043 663 217 158 1055 5983 229 2789 230 7143 616 110 687 1968 242 1907 3765 6838 758 1079 122 6718 254 638 319
36 962 6084 581 1670 2122 78 14 15 1168 4308 4248 1180 221 2210 6948 101 4521 42 3114 5611 303 689 435 9589 1141 247 8312 8830 3070 127
37 66 771 580 134 710 12 460 205 3789 2765 78 783 5525 217 795 1180 158 30 229 1126 42 171 301 109 110 245 567 122 1018 9468 125
38 1344 195 579 134 460 783 1488 592 5456 146 722 1043 278 217 5082 795 3549 29 158 30 543 1440 291 229 230 616 171 555 109 110 5045 638 1919 319
39 64 384 2179 6 327 4812 78 4238 15 339 88 91 27 30 2910 2079 352 6562 2596 293 39 359 232 40 1513 6633 42 2283 1261 690 52 6200 315 1787
40 256 64 384 66 962 388 132 9735 4552 3912 842 1871 15 17 472 219 27 732 29 30 352 5667 4070 2214 4647 39 40 4712 303 431 9780 628 52 54 376 569 3131
41 66 962 388 134 4873 459 76 3981 9743 17 2513 340 1175 29 30 3102 352 1187 484 998 423 42 110 303 1714 3956 1141 54 950 502 376 7995 1212
42 771 388 6405 2501 6 1608 78 17 146 1236 405 3608 986 795 91 29 30 484 3368 42 5226 878 303 817 242 1138 4466 949 1141 54 183 315 447
43 128 581 710 1224 1289 76 13 14 1679 15 6608 17 339 1236 341 91 220 29 221 30 352 100 101 102 1513 366 54 1143 1212
44 641 66 323 5189 6 1478 2887 653 2958 207 17 1809 913 2067 5588 1236 1430 29 8287 2080 677 1128 42 4395 2669 2670 628 244 54 1846 502 3897 1598
45 3523 6405 1670 4358 6 327 1224 459 76 1165 17 913 7828 1495 5912 1180 29 30 352 3488 7971 7782 42 9194 1261 1200 1141 54 376 6072 506 829
46 66 3203 9028 6086 710 8777 11 12 460 973 13 974 17 1751 2972 29 30 736 4642 8483 100 37 614 486 39 423 2221 109 3445 54 3192 122 7358 319
47 64 323 2179 6 582 9417 971 76 1358 207 719 720 3155 2838 88 281 219 347 27 220 284 1309 39 871 744 360 40 3118 1905 244 52 372 3961 443 3452 1917
48 195 4165 4104 266 76 205 1488 1043 663 1432 217 5021 1055 1439 675 291 229 230 5863 1067 1968 1907 1079 1080 7672 4922 1403 638 254 1919
49 7169 7684 134 11 3212 8974 146 7635 531 1751 217 8155 158 734 1631 3682 675 291 1380 229 37 614 1260 365 110 2415 626 242 244 183 122 124 254 1919
50 66 195 134 518 1031 78 783 17 146 722 220 29 4190 158 734 30 8611 1956 484 1189 1319 616 42 171 109 2741 54 4537 122 254
51 4417 1476 266 7180 4562 2452 217 5466 795 158 9889 675 291 2212 229 2789 614 6826 7659 1067 109 110 1968 242 5430 1079 183 122 6779 3261 638 254 7167
52 66 388 6 5190 5319 1608 460 5452 78 1102 592 17 913 5910 1175 91 411 7515 29 734 30 5344 484 805 423 9769 3946 171 364 109 303 496 435 949 54 183 122 315 319
53 3200 5057 3777 195 4165 134 518 205 7696 2320 1043 5910 3224 217 284 4574 158 1439 291 484 229 614 230 616 171 109 110 9841 626 1907 3765 122 638 254 319
54 66 6466 388 1670 6 327 460 4236 78 1102 17 146 339 2452 5909 854 472 91 284 29 158 30 352 9890 866 2212 423 42 496 1714 3572 54 8698 2236 829 7358 830 447
55 7361 66 388 327 842 4491 2189 78 17 913 146 7314 531 339 3669 91 29 30 866 4836 805 1319 937 42 171 110 2222 496 4848 817 2547 54 122 830
56 66 323 388 1669 134 6 6023 4297 5322 3082 842 459 76 6285 1102 974 4751 17 2897 340 91 411 29 30 1633 1381 42 1515 5934 1775 303 3057 315 829 447 319
57 580 709 134 651 2319 592 4176 146 3669 217 602 795 158 3550 1055 3682 675 6371 291 614 230 171 2476 109 3885 110 242 313 122 1981 1919
58 64 641 66 6 1478 327 1738 2826 76 653 78 207 400 17 2513 146 405 6550 1177 91 219 604 29 6047 2210 4454 232 42 1261 1454 1966 1200 1393 435 244 54 3070
59 4224 129 6 3344 16 1104 17 1682 1236 1748 854 1751 343 87 281 1562 91 5659 220 284 29 2973 30 352 2149 103 110 303 369 244 52 4405 54 3199
60 66 2243 388 1285 2501 6 460 76 205 653 8462 17 339 4371 8342 1562 8794 91 3549 29 30 677 423 103 42 1199 496 1200 369 242 949 54 3319 315 6973 9279
61 8385 66 8708 710 134 5958 6 2887 3209 4684 76 9037 78 2190 17 146 722 4309 472 4696 5660 29 30 2209 2598 616 42 109 110 3439 244 52 122 1598
62 5633 66 132 901 6 2694 327 1608 1993 205 78 783 16 17 340 278 3224 1177 1114 1307 284 29 1501 158 30 229 5285 423 42 109 303 6194 2356 1018 4731 1151
63 64 7554 7495 1672 521 203 6476 15 1748 470 88 281 6618 27 8540 8351 480 227 359 39 40 3816 7338 1773 1070 431 239 1008 240 2226 628 52 372 3192 1724 1660 895 5631
64 8192 7552 4995 195 579 134 2440 5263 592 4946 4562 663 217 3033 4442 795 158 1055 1439 9889 291 484 229 5863 7275 109 110 2415 1968 9011 567 183 3704 313 122
65 2560 66 195 134 205 8397 146 278 795 1307 2332 158 30 1055 543 9890 291 229 6696 555 109 110 1006 626 2550 183 1080 8889 122 1981 254
66 1920 195 579 134 710 1415 6346 266 651 5838 2320 146 663 217 602 2332 1885 158 5598 1439 675 291 484 229 230 616 1897 4971 171 2092 110 242 1907 567 1080 122 3261 638
67 3202 195 3910 11 12 76 78 976 17 146 2007 91 1307 29 6430 158 30 100 37 485 1510 38 486 5928 9322 42 364 1260 109 7535 245 54 183 1021 830
68 195 771 710 134 518 3273 205 2319 4751 1488 2320 9493 795 9564 158 734 30 4128 8096 2464 5537 675 3875 3236 229 616 42 171 555 109 110 242 758 54 567 7737 122 1981
69 66 195 6 266 459 78 17 146 722 531 8468 602 795 91 284 29 158 30 2273 291 229 1702 1319 42 5226 171 8300 109 110 242 3765 54 122 254 447
70 5696 66 7875 1987 132 134 6 3271 76 4429 78 207 17 913 1751 1177 91 4956 220 30 2080 484 677 423 1320 1128 232 42 8299 303 2672 2995 6261 54 376 2491 6716
71 3008 66 4549 2248 4812 2765 17 5909 3094 1175 91 29 30 5922 1702 3368 42 301 2285 496 435 54 567 183 313 122 506 4346 829
72 66 195 7300 1670 2824 1163 4491 4812 76 78 9358 9743 6224 17 1297 339 340 5332 91 411 3932 29 30 352 866 4518 364 109 303 1200 54 315 1726 1151 319
73 66 323 901 6 1224 460 76 3916 78 2190 17 339 1748 4885 2199 1368 472 5912 91 29 2271 1248 5217 2212 3944 1128 42 364 2861 1261 878 303 54 7287 376 122 315 829
74 1153 641 66 323 132 1285 6 76 653 78 17 913 339 3667 8662 87 3547 925 2525 30 352 6501 1574 3175 42 303 6704 689 2802 7348 54 950 376 315 1787 7419
75 66 1669 6 327 78 2704 17 2066 339 2261 472 7770 411 91 29 158 30 3102 7008 484 229 7334 3944 2537 42 364 2222 3439 2224 1393 3187 54 122 1151
76 7169 707 132 6 582 268 76 1165 653 207 719 17 8853 87 3800 665 281 219 604 30 1248 352 3680 8033 293 1574 6248 232 303 689 628 8757 54 4214
77 323 4804 268 716 653 17 18 9491 19 533 4503 87 88 2267 545 225 6946 293 232 104 105 300 1454 9198 2608 7794 2682 956 2621 1853
78 66 579 195 1092 4165 134 518 6 651 9549 78 4430 17 722 5971 663 472 3741 29 30 543 42 1067 171 1452 109 301 110 1393 435 2356 54 183 1018 315 830
79 1537 66 323 388 6212 2885 6 327 1930 76 1104 17 339 340 2838 604 29 30 866 1763 677 1834 364 2670 2863 2608 689 1905 1586 628 8564 502 8312 376 122 3199 7871
80 3200 2307 2950 1031 651 11 2765 3728 1873 531 3670 278 217 2332 3741 1439 7519 291 484 37 614 230 6060 110 626 242 2550 1080 7226 122 124 4668 638 254
81 1920 195 7238 134 710 6 1415 5383 4104 2440 3273 266 651 205 5070 783 592 146 1427 8084 1944 217 795 158 8481 6371 229 8997 9128 110 1907 183 6647 7226 122
82 3777 2753 771 3716 709 3206 8072 2440 12 3598 17 146 8924 29 158 734 30 37 2789 38 1126 42 1452 109 242 9717 54 183 122 5434 1403 254 319
83 195 1987 709 134 518 2440 266 76 205 7757 592 146 217 602 5405 4189 734 543 291 229 4586 42 171 1452 109 301 4525 110 242 1907 1079 183 122
84 66 195 771 1092 134 6 3789 4429 78 783 17 146 1043 8468 91 29 158 3550 30 230 3753 42 171 555 109 110 6383 1968 54 183 122 2427
85 64 4865 2562 6 327 3145 76 653 7118 15 339 3667 4246 470 88 9688 281 91 3547 347 27 1371 732 8733 2143 2596 3812 998 8806 39 5672 3560 40 942 1647 1905 690 52 372
86 3008 66 771 132 6 459 9228 76 78 17 1682 8082 405 87 472 91 411 2972 284 29 30 352 866 291 1187 1189 1702 42 171 109 2861 6192 3057 435 244 54 8312 447
87 768 64 6851 323 132 6 966 521 396 653 207 7759 720 594 3669 215 88 793 2138 219 220 3295 2143 352 2151 39 232 40 6320 5104 52 54 569 1978 2175
88 64 962 1346 132 6981 6 905 1930 1226 5003 653 2126 207 533 2647 88 220 929 1954 293 2151 39 232 40 42 8619 557 9267 628 244 52 372 8383
89 66 962 6 1608 76 13 1102 14 15 17 4881 1682 87 284 29 158 30 101 39 2983 42 878 1775 5745 2485 949 54 247 952 315 3069 1726 3070
90 2177 66 323 327 842 78 14 15 400 340 3415 2199 3097 91 102 8616 3560 3944 42 3946 9197 878 6703 1775 496 368 1141 54 952 506 4667 1022
91 256 64 4 132 6 966 264 2442 76 1871 15 1299 88 8152 6169 25 27 220 4643 677 293 5606 359 39 232 40 4330 1261 239 240 4089 570 636 1023
92 1669 6 327 6537 78 400 17 2258 6550 1368 1307 91 29 30 1248 8544 2209 866 8611 1702 42 364 301 109 6574 303 496 9074 1332 3381 54 3704 376 4540 1598
93 833 323 388 6 327 1224 5322 842 460 76 78 17 3028 4310 2523 91 29 30 543 9121 1442 9444 5670 1702 42 171 4779 2283 364 300 303 2863 2800 242 3572 5621 949 54 3126 830 319
94 256 64 384 707 132 1991 3271 521 76 2126 719 335 3283 3155 8853 6934 88 6873 27 220 1949 3295 352 545 930 293 40 360 9074 52 8759 5177 954 4539 2175
95 66 388 901 327 459 7309 3151 17 3670 87 3993 91 29 30 352 7971 805 1189 6248 1128 937 42 1645 1261 303 2165 376 122 2234 2875 1212 5694
96 195 134 1415 2439 266 11 8011 205 2127 4946 278 663 217 734 7202 1381 37 485 38 1452 110 242 1907 2486 1464 4153 122 2427 124 254
97 66 771 3082 459 12 460 3789 13 2189 78 17 146 1368 4760 217 29 158 30 2273 100 230 39 42 110 1006 4400 5746 54 125 3069
98 3200 1344 195 771 1476 580 134 710 1415 205 3598 783 4177 146 722 1043 531 278 158 229 614 3562 3307 171 5611 301 3694 110 242 183 122 2043 254
99 66 962 6 327 2824 842 76 78 1550 207 3920 17 467 340 795 1307 91 219 29 2525 30 1248 5731 229 4261 677 1190 42 7983 244 54 376 122 7674 447
