500
0 451 4586 7500 8526 78 5454 9998 6607 3535 3312 1905 339 5429 7670 215 3224 3994 5178 9341 798
1 451 1220 5764 614 1319 6731 7500 7084 78 5454 3185 7670 5817 9564 9341 575
2 7810 5987 6310 5066 1291 7500 78 6574 3535 7059 116 826 3771 1629 798 7295 575
3 1443 1220 2469 7112 5066 9229 9998 1390 6574 3535 2832 116 822 4152 3002 3771 3548 9341
4 7059 1443 7909 4152 2568 5066 1291 7500 1629 9998 4127
5 4515 6310 4614 614 4586 5066 9514 6731 6956 2035 6579 822 2779
6 6880 2593 4515 1443 5764 7909 7112 8749 2832 4501 5206 2522 2621
7 7810 8898 4515 5987 8901 2469 6310 1319 8526 7183 4501 5206 822 2779
8 6880 3073 5665 6706 4515 5987 8485 5206 9899 1629 2733 3647
9 5665 5987 7112 9130 8526 4304 8625 913 5330 7571 8597 4251 4028
10 8961 3073 8898 5987 8163 9927 8526 6607 8625 9812 7828 4949 8597 4251 1629
11 6145 3073 8898 1443 9899 6508 2733 1390 78 8848 3792 5330 7571 4501 6967 9465 3002 2621
12 5665 4738 8898 2692 9514 1291 9899 8848 3792 5429 4441 6170 2779 603 5916 5277
13 8961 8898 8873 8138 9899 3436 9998 7183 3792 8625 6579 5817 3002 4251 187 8414
14 6368 6579 1443 7013 6967 2568 8873 9465 6170 603 7500
15 7782 2345 8138 1806 4462 8848 4850 9716 9077 5817 6170 603 7323 3647 5119
16 6368 2370 8898 9716 2134 4922 4028 4462 1806 9998 3647
17 6880 8485 2345 8650 1806 1390 8848 3792 2258 4850 5330 9077 4922 5277
18 5665 2370 8898 8485 6632 1418 2733 1968 8848 9716 5045 5206 4922 9341 7711
19 897 4738 8898 8485 7368 8873 6508 7500 3213 6579 339 8597 7447 1530 2621 8414 575
20 5665 2370 4738 8485 9542 9514 2258 339 3284 5045 2134 822 4922 5887
21 1968 3312 5330 8898 3284 5941 9077 8873 9465 4922 9787 798
22 3312 3185 8898 5987 2134 8262 4614 6855 6269 4462 5231 1167
23 674 8898 7013 8901 1319 8873 1068 5231 1266 116 2134 822 7934 798
24 9952 1968 674 3923 3092 8262 9542 6855 8936 6170 3994 575
25 8386 8898 451 5987 8936 2568 3312 1905 5429 822 215 8315 8414 575 5887
26 6145 8386 8898 7013 8262 2568 9514 3436 3213 2035 1654 822 1530 6269 798
27 6368 1905 451 3923 1993 1418 7546 7500 702 9998 575 5231
28 6145 8802 451 3213 7118 4462 78 3312 1654 5206 826 6269 9341 5119 7295
29 3777 8898 451 7143 7500 9229 4462 6607 3792 9105 6838 5206 4152 2522 187 3771 9341
30 8898 451 4586 3213 1806 78 6607 3312 1905 3092 9077 822 8315 9341 798
31 3777 8386 451 9539 6632 7112 8972 9998 6607 2832 3792 9105 116 3092 8315 1629 798
32 8802 8386 5091 3092 4198 9254 5178 9514 8315 3548 5454 798
33 1266 1220 822 4152 2568 7881 5066 9514 2956 5454 9998 6607
34 2720 8163 8901 7782 2568 6632 2956 8749 141 3792 1654 822 5178 8315 3771
35 5888 2720 3073 1220 5764 9828 4586 9514 3185 3923 5429 3994 9341 4127 7295
36 3073 1220 7013 7909 8262 9514 1390 2832 240 3792 5553 913 3284 822 8696 5882 9341 798
37 2593 9828 8485 8262 1319 7143 649 2956 2832 5330 4949 8696 3994
38 7810 8898 9539 9957 9514 4363 364 2733 8526 6607 9716 822 3672 4028
39 3073 1443 8262 9927 9130 5066 1291 6508 5676 6579 7670 4825 3647
40 7782 9927 746 9130 364 6508 141 8749 78 1390 3792 913 822 6967 4028 2109
41 2370 1443 9927 9130 426 9514 141 8526 8848 5429 822 6967 5277 1629 7711
42 3777 8898 9539 9254 9130 9741 8526 4304 3792 913 2258 7571 5206 6967 215 7323
43 2345 1418 9514 9006 6607 913 4850 9716 7670 822 6967 4825 1530 4028 5277
44 897 2258 5429 3895 4825 9899 603 4251 187 5916 1629 8414
45 4099 8485 4614 5231 3792 9716 5429 822 6967 6170 603 187 7323 3548 2621 2109 6046 7711
46 746 2733 8848 9077 4949 2134 5206 822 215 826 5916 4028 5277 7711
47 5665 6145 4738 7670 2345 1530 5277 3213 2109 4974 3647 7711
48 5665 7757 5231 5295 3792 2258 9716 2134 187 5916 4028 5277 2621 5119
49 3185 2258 7394 5987 116 6170 9130 3114 1340 5598 4974 1167
50 897 4738 4363 4685 3792 1266 1778 116 3284 9077 2134 3895 6046 575
51 897 4738 8898 4487 9514 4462 6480 3185 9077 822 3895 4441 9564 9341
52 7013 8262 1319 8650 9514 4363 3436 7084 3792 3700 2134 822 215 9564 7934 7295
53 2720 4099 451 5987 8901 8262 4198 9077 1654 822 7447 7323 187 9564
54 6145 5987 773 7013 8262 1319 9229 1806 9077 2134 5206 1753 286
55 897 8386 4614 6632 9006 1167 3535 1266 9077 3672 9688 3771 9564 6046 575
56 8898 8163 8873 8650 4685 4974 4462 9105 4850 1778 9688 9787 575
57 6145 4738 7013 4487 9688 3994 1340 702 4462 286 6046
58 6368 8802 8898 5987 8739 1286 6632 9617 1266 9716 3700 5941 1877 2522 603
59 2720 4515 7013 6632 8650 78 4974 3535 339 3700 9077 7670 504 1753 1241 5178 3771 7295
60 2720 7909 4614 6632 1418 9514 1291 6798 3535 1905 7059 1654 4152 1753 3771
61 2720 8672 5665 7909 9254 4198 215 4251 5020 702 8414 798
62 2720 5665 8898 4515 7909 9254 7670 4152 5066 2109 3647
63 6480 1905 9539 9253 9927 4441 826 3994 9514 9787 4251 1167
64 8947 9539 8724 3700 7909 8901 1654 9787 4251 5020 1340 1167
65 6145 4515 9253 1291 8749 78 5330 8947 339 1241 9787 2109 3647
66 7810 3746 5330 8947 4515 5764 7348 9254 1241 9787 8526 78
67 7810 9253 7112 1905 913 5553 339 1654 7670 4441 1241 2522 4251 5916 7295 3647
68 8672 4099 5764 9077 6533 8647 7112 938 3548 1964 1340 6942
69 897 7810 2469 39 9130 6508 8526 3535 3792 5553 8625 2931 4441 3002 187 2109 5598
70 8386 2370 3746 9539 9899 78 6798 5553 913 2134 7670 6167 984 6393 4441 1241 2109
71 3073 8386 7810 3746 9539 6632 1964 9228 6508 78 7670 6393 4441 1530 2109
72 3969 8481 1192 1964 9006 6798 1167 6192 7472 5553 9077 6967 603 5598
73 9440 897 2273 674 8485 7112 1964 7757 6798 496 7571 8597 5334 1753 5916
74 9440 4099 5987 8138 9514 7757 8848 8625 2134 7447 215 1241 8026 2523 3356 5309
75 8138 496 3792 6579 9716 3284 215 1753 1241 8026 3002 2779 5916 2621 8287 9663
76 5665 9031 9514 9803 9899 3213 496 4053 9077 215 8026 3002 2779 5309 2621 7711
77 5665 3185 5553 339 5941 5528 9130 3548 3213 5789 1151
78 897 8802 1443 451 3048 8873 9130 9899 7500 5330 8597 1241 603 4028 5020 5789
79 8163 5987 4586 3436 7757 6798 3185 3284 4053 1530 3994 2779 3548 5309 5789
80 9952 9539 451 7013 727 6632 8873 1241 2010 4586 7757 1167
81 2720 4738 451 8163 6756 7013 6533 8262 1319 9514 6480 3923 9716 4441 1241 3771 2621
82 4738 451 8163 8901 7013 8749 8848 3185 9617 3923 1555 3700 5206 4441 9787 8414
83 5091 451 4614 3337 9514 9006 6798 1778 5178 3771 187 9564 5789 4030 7711
84 7394 6021 6533 2248 8873 9514 6798 9077 3383 215 3771 7934 8414
85 9952 9440 674 451 8901 4614 9514 7564 4974 1167 5202 1043 4441 603 575
86 4515 4198 727 1319 2248 7084 9341 2109 4974 9663
87 1539 6244 773 1319 8873 8649 7084 3213 6480 9617 3284 116 4441 9341 575
88 7394 674 6756 6533 7782 6632 4974 1167 8724 1654 5206 9564 7934
89 8064 8097 8386 2981 9927 2568 1291 339 7670 4152 4441 1241 9564 798 7295
90 8064 3969 3073 4198 1126 3337 5066 4779 878 339 1654 7670 5020 2109 798 7295
91 2832 3969 8386 4515 4152 6152 5066 5178 9787 9564 3645
92 5888 3969 8386 9539 8163 6021 1654 7112 4441 826 1964 6046
93 8097 5091 9927 4779 7500 1390 240 7059 9332 6967 4152 1241 798 3647
94 2720 4738 9539 5091 2568 2522 4251 9564 1340 6798 7295
95 8097 4198 2568 7112 9229 1905 3923 1043 339 1753 4441 2109 3647
96 3073 8097 2981 7909 7084 1905 1555 339 6967 4441 1241 826 1530 6942
97 6368 2593 4515 7112 3144 5066 913 5330 3923 8724 5178 1530 9787 9503
98 5744 5665 7059 5764 2981 6533 3144 938 2234 7275 3213
99 7112 9130 5066 6442 9803 8526 7472 913 4949 5429 5206 6393 2779 1151
100 8386 995 2469 8485 9130 938 6442 6508 8526 7472 4441 3548 2812
101 2593 3073 8097 3746 2469 9130 6508 7472 4850 8947 6393 4441 1530 4251
102 3073 5764 6533 3015 7275 1291 3535 6417 3381 5916 3548 6942 1918
103 8625 2593 8097 2370 6579 2981 6967 1192 7275 5916 7757 3645
104 2593 3746 995 938 2733 1806 4304 1043 5528 3002 2779 5277 9503
105 8097 4099 995 9031 7084 6508 7757 6417 1043 9077 2134 215 4152 5817 5916 2812
106 8097 2370 6533 4304 5330 1043 6579 9077 4949 8026 3002 187 2812 1918
107 1192 3048 2345 5231 6480 5941 3670 5528 5817 2234 603 2523 7934 575
108 4416 2593 8481 2345 9899 5231 1778 2134 6393 5817 5277 6942 1918
109 8097 9899 78 5231 4304 6579 3381 5941 5528 2523 5277 2621 7711
110 4544 6632 4713 7211 6798 5231 4850 9077 7670 3895 5817 3002 187 2523 3548 5789 7711
111 9440 8097 2370 451 8485 9031 7472 5330 6579 9077 5495 5528 2010 187 603 5277
112 6368 4544 8097 8802 9899 4304 8848 1555 4949 2134 7447 187 603 7934
113 5888 6145 9539 9716 3895 3015 4713 7323 3436 7084 5789
114 8097 4738 8901 6855 9031 1555 9077 1877 2134 3895 1753 2010 8414
115 1877 7670 6855 3383 1319 1192 4713 8749 9341 4974 798 3535
116 6244 4614 3015 6731 3436 7084 4974 9006 1167 4304 6480 1877 3771
117 9952 9440 4544 9539 451 6021 1418 6480 9617 1778 5842 7539 1753 7934
118 9952 4416 674 1778 7539 7059 451 9716 8262 4586 4363 8414
119 8064 6145 4099 1319 4713 4363 7084 2733 4974 5231 4144 913 9170 1142
120 4515 6756 773 8262 2568 6798 7539 8597 1654 5817 826 7934 8414
121 9952 8386 4198 3015 6632 364 9716 1877 7670 3383 2494 2878 798
122 2209 2081 6731 364 8686 7183 2159 913 1266 3700 4924 2878 798
123 9952 2209 1266 4515 9366 6678 3015 426 8795 2109 2878
124 2081 8481 6244 6678 3383 9927 2568 8795 4205 4974 7183
125 7137 897 6244 2469 8485 550 6632 8138 364 4974 1072 7059 1753 798
126 9952 8386 5863 3015 6632 426 6731 8686 1905 4850 3700 7447 2109 2878
127 897 6244 4614 550 5863 6632 426 9420 4974 9105 913 6170 7323 2878
128 4544 8097 6632 4586 426 6092 78 6798 1167 3535 913 6706 8947 2035 4924
129 4416 4544 6706 7059 5764 3895 6632 426 4586 5916 1340 7183
130 3312 7137 7059 5941 1989 3015 6731 4205 702 7183 3535
131 9440 8097 9031 7401 938 4205 1905 6706 5330 3895 826 5916 3548
132 9440 3073 8481 8097 3106 5764 1989 5863 938 78 8526 4144 7059 5277
133 8481 8097 9828 1989 1831 1192 8526 78 8947 339 4053 3895 5817 4540 1340 1918
134 3920 3969 8097 8947 851 53 4614 1831 7401 5817 4586 3199
135 7059 4003 5764 1220 5941 2568 826 5690 6731 6798 4127
136 7137 2209 8386 9874 7571 8997 4614 9031 3015 1929 5817 3535
137 4896 4672 5665 8386 7571 6756 8901 6678 8026 5277 8414
138 9440 451 9828 1831 7721 6798 2832 6579 339 4053 6678 3160 5690 4540 3199
139 9440 6756 2667 3436 1068 2733 4144 6579 5941 5817 6781 7711 3199
140 9440 7394 9490 9874 6579 451 2983 8216 9564 3436 1340 3199
141 1728 4672 9874 7810 9490 851 451 2998 3895 5690 6731 6798
142 1728 4896 4416 5665 451 7721 2537 4144 851 4437 1340 5599 3647
143 4144 5665 8097 7810 1778 7971 5764 4053 8901 5690 2733 3725
144 5665 8386 7971 4003 7782 1319 9767 430 6798 6322 7571 5429 9688 7645
145 9440 2593 9121 1954 7971 6579 8873 2958 4462 286 3647
146 4544 8481 8097 7394 3213 78 3535 7571 4053 1654 8216 9660 8414 3647
147 4896 1728 8481 2692 8901 8551 2983 5320 7401 240 5429 504 3548
148 8097 7394 8802 6579 7971 1190 6855 3548 9229 2349 286 8526
149 1728 8481 8802 7571 5320 7721 826 4251 8414 6798 3647
150 4896 6368 4416 7394 4003 550 7401 6060 9006 2958 6798 3895 5599
151 4896 1728 6368 4416 4544 8481 451 3048 8625 3573 2233 2109 8414 286 5599
152 4544 2469 8551 9767 2956 6092 3601 5553 3994 1852 5020 798 5599
153 4544 897 4614 550 5320 426 7946 2958 3535 5553 3160 1852 5599
154 6756 1190 4424 5320 2956 2958 6798 5553 3601 3160 5817 3994 1852 7711
155 8485 773 550 1319 3048 4363 6060 2733 1654 7447 3383 504 5817 798
156 4544 1190 550 2983 7211 4363 4974 7447 3160 1914 9564 5020 5789
157 9952 4515 773 2469 550 1190 2983 6092 9006 9998 1914 5789 798
158 8097 1954 2469 550 7946 6060 9229 1165 2349 2958 913 6678 8026
159 4176 9952 6434 1954 8026 1068 1165 5789 2958 9902 430
160 6368 2851 2469 3015 7946 2826 6219 6731 6092 6678 4540 5020 702
161 3488 8481 8386 773 2826 6219 364 1806 2035 8597 5912 7289 5277 702
162 2720 3488 8386 1282 1954 2851 773 6219 364 4205 4974 430 6798 2832 2035 1753 5277
163 7810 773 426 6219 6731 748 9902 4974 3631 1266 8249 826 9371
164 6145 8386 851 7059 2423 5863 3015 2233 826 6170 6731
165 8064 3488 1344 9490 851 1831 2423 3771 1340 4205 2878 4127
166 1344 1418 2826 4586 5355 7468 4205 7407 7571 8947 3606 5817 3771 7323 2878
167 4896 9762 3845 5863 9836 7407 1905 6995 8947 3700 6678 1241 1918 4127
168 9105 2593 7810 7394 1831 2568 1241 938 6219 1532
169 2593 3969 7810 8997 4647 1418 4205 9105 4276 3700 8597 6678 5817 1241 3771 9660 1340
170 4896 8386 4358 1831 8138 7468 1165 6285 9998 2832 8625 9874 3606
171 4896 8625 7810 9828 6756 3845 1989 5941 6678 4358 3015 748
172 1344 7810 4358 3015 1192 7401 430 8975 2832 8625 1778 2494 4127
173 8848 3920 2832 9105 2593 5941 1192 1241 826 8383 3535
174 9105 8802 3923 3845 1989 5941 4647 3114 8026 4540 9998 430
175 3601 9490 8947 2692 4053 6855 9130 5690 1340 2109 3631
176 8102 2726 9031 3114 9130 7211 6731 6508 3920 4053 1241 3002 7645 8414 7711 4383
177 2832 9874 6756 4053 3845 8551 3015 9564 748 3631
178 9874 2562 451 8358 6921 9836 9229 8526 6798 3631 7711
179 240 1778 9874 9828 8102 2423 3160 4763 6508 3548 7645
180 4544 451 3461 8358 8873 5355 8526 6798 8848 9617 9490 6579 5429 826 3994 8414
181 240 2593 9490 1778 2469 8358 9688 1576 4664 3436 7645 8526
182 2593 6145 8097 8551 5355 430 6322 1586 2932 1142 5623 9688 826 5690
183 6368 6145 9617 550 3114 5690 2667 9371 364 1806 2878 430
184 2720 2081 8481 8097 6434 2562 4614 7432 3114 1291 6731 7407 9617 3160
185 4544 6434 9762 451 550 426 7211 6830 6798 5553 9617 1586 1142 9366 3160 3994 9371 2878
186 6434 451 3048 7050 6508 1806 3312 3923 8026 5178 3994 9371 5789
187 2720 5553 6145 9366 6855 5178 8026 9836 9229 2733 2109 1806
188 6368 5553 5665 2469 773 550 5177 426 702 4974
189 2562 8226 2469 6678 6921 426 8795 1340 2733 6798 8383 1535
190 4544 8097 674 8226 1220 6632 6921 9130 4586 7211 5741 628 1753 1241 4763 286
191 5888 5091 4099 773 2469 6731 2669 6798 3284 6294 5177 3358 7934
192 8097 6244 773 426 8138 7468 4974 3312 1266 6294 8026 8795 2910
193 5888 8226 674 9762 9123 8485 3383 8795 3771 1068 2669 2878
194 9105 8226 6322 116 3383 1192 3002 8795 4924 7468 9422 798
195 3601 9105 674 8898 628 2469 3015 1192 4152 3002 7468 2733
196 6368 9105 1266 1753 4586 3771 2669 2349 702 1918 4974 798
197 8226 2469 7980 2349 4974 6798 7183 2159 913 4276 9077 3383 2910
198 4544 8226 4003 1319 7500 653 4974 6798 2832 2035 8947 4053 9077 1753 7934
199 9952 6244 9828 4586 4205 430 7059 9716 4276 4664 1753 3771 5755 8830
200 6368 9952 4544 3969 2694 2423 3210 3002 4763 7980 8830 3647
201 7059 7860 7909 3845 4614 7782 9031 1929 4586 3771 5755 7998
202 4896 4003 2694 9031 8104 9642 3242 3436 4205 1454 8597 2423 4540 5887 4127
203 7810 8802 851 8947 1220 5764 9031 426 364 7500 1454 798
204 5888 8386 851 3461 4614 1929 9836 2621 2494 3647
205 5888 4896 7810 5987 6244 3845 4198 9031 7368 8873 7934
206 8386 4003 8997 8261 7368 430 8947 7059 4053 2423 4664 8251 2621 2494
207 5888 5091 9123 8997 9031 7368 7401 426 1454 8947 5491 6678 6074 8251 5599
208 5888 4544 5665 773 2694 8138 3436 7500 6798 4276 5941 6170 3358
209 2720 3969 897 5091 7011 6756 9924 207 3535 3601 9617 9490 7323 6686
210 9924 6756 2568 9642 5739 6731 3601 5780 1429 6678 7323 3358 5599
211 2720 3969 3601 5665 3573 1877 5429 3548 3358 430
212 7011 2692 4388 8901 938 1418 8526 6863 9617 851 8216 7323 5277 6686
213 240 3969 5665 9716 8804 1877 1319 5466 6508 4540 7998 5599
214 7394 963 4003 5764 1877 5429 7782 3895 7369 1806 7998
215 1728 162 963 6756 7782 3015 6632 7368 6508 4784 7059 7447 9688 4441 5755 7323
216 240 5665 4738 4388 8261 7782 7447 9688 5739 7500 5277
217 2370 8947 628 2807 9688 8873 2345 5690 7050 6731 2878 7295
218 2370 963 628 9077 8069 9688 504 8873 1806 430
219 674 6434 3015 8873 426 7211 748 6574 4784 9077 6294 7447 5690 2109 8094
220 4784 674 2370 9077 8901 3238 7447 3015 7368 6092 7980 2733
221 1728 897 8901 8261 3238 2345 6731 1068 9617 5553 4850 2035 1654 5690 7295
222 6434 4099 4388 3238 3015 5739 2956 2733 6574 4850 2035 2419 53 504 826 4763 4924 5020 286 9791
223 3312 3923 9173 4568 4969 826 8026 5739 6092 9564 7468 8526
224 897 4388 8261 1319 3015 2956 1806 8526 6863 6480 2419 1877 6294 4152 4763
225 2720 897 4586 7211 2956 364 6480 5553 2419 1877 6294 9688 5020 9791
226 2720 6244 2469 7368 426 7050 2956 748 9836 5231 1943 9564 5789
227 7137 674 6632 1068 748 430 2419 116 1877 1654 7447 8795 7934
228 5665 7137 4069 6632 7980 9902 913 7860 116 3002 9564 2109 4127
229 674 4069 3383 5799 8795 6092 5020 5789 4094 4974 7934
230 4099 773 6632 1068 7980 9836 4974 116 53 3771 5020 702 286 5886 9791
231 162 4099 7909 4069 6632 4974 9902 7183 9105 53 6294 1753 8026 3771 959 9791
232 8675 1220 8261 1192 521 748 9902 2159 7183 3317 4152 9753 1918 2910 798
233 6244 9031 1192 9902 4974 2159 3535 2320 9874 9332 3383 8026 3771
234 7137 7810 5941 521 4540 9836 5789 2621 8749 4205 4974 2159
235 9952 9105 7394 6322 2102 4198 6170 5277 7183 9791
236 3105 7810 8802 1955 1989 4198 9031 5799 8138 5553 6706 9874 2423 4763 798
237 3969 8386 1989 7909 8261 4198 9031 8138 2832 5553 6706 3895 3002 6686 959
238 707 748 9836 3535 7183 240 9617 9874 5490 116 6170 6074 5277 1918 9791
239 1344 3969 4003 707 4198 4614 7401 1033 4205 7183 6170 7323 732 9791
240 1344 9440 8802 7401 7211 748 3436 3535 2832 7860 3895 6170 798 8414 9791
241 4003 748 9836 8749 7183 240 2320 7860 1877 2102 3895 7323 3548
242 9440 1344 4003 6756 2692 7782 5355 9874 9716 3573 8216 6074 798 8414 6686
243 2720 2692 1989 7174 8873 8138 5739 3436 8526 240 3923 1142 2102 504 2233
244 9440 7394 2345 9642 6508 9836 8526 1006 9617 2419 2997 1142 2621 5599
245 1728 7394 1778 6756 2692 3895 5799 3114 4763 6508 8540 5599
246 1728 2692 6756 3015 7500 3693 5231 4784 8947 6967 826 7323 9564 8414 9791
247 2720 2370 162 963 5987 2692 6756 7468 9836 4784 9716 3573 2102 3895 2109 3647
248 4515 4388 7782 3048 3114 5739 9292 7468 4850 504 826 9564 5020 2878 9791
249 897 4515 5739 6508 9292 2320 2419 628 9688 9564 2109 5599 7711
250 2720 4099 8515 8261 4423 1068 7980 7468 8625 9077 504 4924 5020 5599
251 6434 4099 4515 6756 8261 8262 2345 7500 9902 2419 5491 53 286 2878 6046 6686 7295
252 9568 8485 8901 8261 8551 3048 9229 1806 6574 4850 9267 5491 7735 504 826
253 2320 4850 4515 9332 8551 7369 2233 5739 7980 3548 2878
254 2035 628 1604 8901 6632 3114 826 4540 6092 9836 2878
255 963 8515 8261 3048 5739 6731 6092 6223 913 2419 9077 504 4763 9564 5789
256 2720 801 3048 3114 7211 2060 4685 1072 2931 628 1018 3771 7038
257 6368 897 963 8261 1831 5863 748 7249 2931 7860 4763 2878 9663 3135
258 6560 9155 7860 9638 1608 7211 748 5789 2109 1806 8926 9663
259 5475 3048 76 3948 7468 6223 1072 7025 6067 2931 405 984 8926
260 32 7394 3362 3973 9638 2184 3048 7980 748 2931 9332 5789 2109
261 32 3746 1831 1608 4074 7980 748 4462 6678 9688 2233 6777 7641
262 1989 8261 7211 4685 8113 497 6678 984 2233 314 4763 1245 6686
263 9155 3973 3527 984 3048 4106 699 6092 9836 4685 9902 9791
264 4177 8340 773 1831 8823 984 1608 3048 7211 1918 959
265 8064 5475 773 1831 2159 6928 1072 8724 2807 984 9176 314 8315 9052
266 801 7394 1955 4875 1707 3693 4177 8439 1943 8823 7735 8026 7038
267 1121 3362 8675 7525 773 872 5578 9391 6928 7735 6809 6777 8795 1918 9791
268 8064 1121 1732 773 8261 1576 6921 9741 6992 3824 9753 8315 4763 798
269 32 1121 8823 3015 6777 6554 5690 8315 4763 476 4462 4974
270 7137 1955 917 6021 2646 8551 6921 3337 5578 6554
271 9440 9952 801 6021 5578 76 9836 7695 6223 8439 2807 8315 798 9791
272 2208 7394 5475 1955 5252 9189 6021 9415 7624 4462 2159 3824 4177 1245
273 7394 1043 8675 8724 7525 4106 5578 8795 589 3390 6574 2159
274 5475 2931 7860 6120 9176 2522 5578 314 8795 942 6366
275 9440 7394 5987 5252 8261 9415 6120 3337 4969 5962 3948 4205 3824 8795
276 9952 2208 7394 4388 9189 7368 3337 5962 6731 6191 6710 286 6686 9663
277 4804 9254 872 7368 5578 4074 7211 6731 4205 7313 3510 9366 8439 8600 504 9753 9052 4639
278 3824 7137 6434 5507 2180 3573 8439 9303 872 1003 9052 589
279 5376 2208 9539 5507 2547 3573 7174 6809 6393 2522 748 9853
280 7137 9539 1732 5739 2444 6574 2287 5619 3510 5305 3259 4763 9791
281 3106 8675 5987 2180 4325 4875 6223 5138 2547 6710 7736 6554 9791
282 2977 1089 8675 3461 8261 6191 1072 6710 9303 8600 5305 7162 3870 9214
283 1576 7368 1322 4875 5163 8843 8237 1072 4276 8439 5305 6554 7162 8795
284 5507 4388 4969 7500 6223 4305 7025 8818 405 6678 3131 2878 3870 9791
285 2977 8818 6434 6322 5987 2180 3461 8711 7162 1322
286 6434 3362 9155 4388 4230 8711 2155 879 1464 8600 8026 5532 3870
287 2977 6322 5045 8261 215 7369 5305 2233 1322 2155 4924 6686
288 2720 1505 385 8818 8340 405 8711 9415 1464 7323
289 2977 9490 8340 405 5863 1464 7368 6393 1322 7162 7211 9214
290 6880 9539 405 3461 6678 5863 2184 7736 9753 2906 7211 9741
291 497 8340 2469 2758 7736 6393 2906 5532 7500 2878
292 4177 3362 6403 4437 9638 2906 1018 7546 7980 9902 6574 9791
293 4177 1121 2035 1043 2758 3160 7368 314 699 2719
294 3746 748 7500 2035 9332 9399 4536 9977 1018 7578 2906 8795 7038 9663
295 9638 8361 7980 2060 7695 879 2035 7860 2807 984 9977 1018 7578
296 9952 418 3746 8675 9638 9741 2931 5045 6678 215 3160 8026 699 6366
297 8261 1831 3048 8361 3337 2931 2547 9332 984 9176 8026 699 1918
298 32 385 9155 8261 8361 1072 8113 4536 9176 443 3870 1918 3135 9663
299 385 9828 1989 4536 8361 9082 6731 6092 476 1918 7695
300 32 9952 8064 1121 1989 5452 9836 504 8026 443 6269 7422 9791
301 3824 1121 8113 1989 6021 3160 984 4969 4763 1245
302 9952 418 8675 8261 6921 5962 7500 2159 8724 8823 6809 6554 314 7038 6686
303 32 1121 418 7493 9638 9415 4969 5962 4074 7211 6710 6269 3135
304 6067 7493 8261 9638 3622 2391 8823 3420 748 8894 6223
305 9952 2547 8261 3622 872 6921 6554 5578 8894 4974 6686
306 6021 9303 8600 7368 6921 9753 4074 7546 7038 8926 4974 6191
307 5507 8675 4276 8261 2646 8551 8632 7641 702 3870 6191 575
308 1344 801 418 7174 9415 6191 2159 9366 8026 7578 9052 286 8894
309 8675 2547 9366 8551 2391 9303 6809 748 286 6927 575 9791
310 9440 773 6021 7174 8439 215 5578 8026 7038 702 4974 7422
311 7137 6021 4230 1707 3788 9836 3693 3824 9366 8439 8600 5690 5020 2878
312 6322 5507 339 3573 8261 3622 4230 2391 3337 5739 3788 3693
313 5987 9254 5578 4875 3787 5739 2671 7670 1943 9303 2807 5305 2878
314 1344 7137 6434 5507 5987 6120 8237 8724 9366 9176 2522 286 8830 575
315 5376 4961 4325 9303 6120 7641 1611 4875 8830 4639 847
316 1344 4804 4230 1799 8724 1943 215 5305 3641 2522 6554 9853 9791
317 1797 1576 6120 5739 7500 6322 9303 8600 1464 7736 5305 2522 9791
318 1344 1089 6434 5987 1797 7174 1707 3693 6191 6322 2547 7736 5305 6809 2522 9052 5532
319 1344 2208 1505 6434 1797 9254 4969 6731 3693 6322 9490 5045 9399 1464 6554 4639
320 1505 4961 8097 6434 4804 9828 2060 7500 9902 4437 8600 6809 699 3259 4924 4639
321 6880 3573 5045 6393 3721 9899 3259 6731 7980 4924 9836 2671
322 4804 9366 4230 8439 2184 3048 6521 9899 3948 9902 2671 9663
323 405 4230 9415 2184 3721 2233 4969 1018 9899 7980 8830 2671
324 385 3746 9254 2758 1799 6731 2349 2671 7249 5045 2233 5020 4639
325 405 5045 6393 5739 9899 2060 2878 5838 9902 6366 2671 6223
326 7592 7369 5739 2060 748 2671 2324 8724 9332 4437 8600 7736 2906 1918
327 6880 8097 2035 4388 1989 7157 4999 8361 5578 9899 2671 6223
328 5408 6880 8097 3238 4969 748 4685 1806 8340 8439 984 314 1245 3135
329 6880 1989 7624 8184 7211 7932 7980 1245 5789 3870 2671
330 7760 8113 628 9332 7493 6678 5031 9977 7546 476 748 9741
331 32 497 628 6678 9638 7670 5031 9176 6521 5789 1245 1806
332 8113 2035 9332 405 6678 215 8361 7323 4685 1245 5277 1806
333 32 8113 497 1121 7860 2758 7686 8184 9977 8138 9836 3263
334 1121 8113 8675 628 1989 9176 3160 7368 748 1245 5789 8830
335 8113 1505 1955 8340 1831 9176 8315 5277 1245 3870 3263
336 5408 385 8675 3622 5799 4969 8138 5578 5739 1004 1806 6809 8795 1245
337 8064 8001 1121 5987 7493 9638 7624 1481 6731 5427 8439 8184 6809 5882
338 2208 7137 162 2035 4804 405 1943 5578 2444 7980 7695
339 7137 162 5987 5031 7592 4969 7695 2159 405 8823 9303 7546 6269
340 5408 8064 7907 4999 9320 1481 6092 6992 4403 6809 286 3870 8830
341 1121 5507 1220 1831 2444 5741 2035 339 1943 5882 6269 8926 7422
342 2208 6434 1284 8551 5739 4177 4561 2807 5690 7546 9853 8926 3263 9791
343 3622 1831 7592 4969 2444 7500 5454 5647 4177 3573 8439 5305 7546
344 162 3816 6921 6607 4561 6322 3573 7157 7736 5690 5882 9853 1629
345 6049 3622 8551 1799 1576 872 6731 8972 5741 9902 5647 6777 4924
346 2208 4388 4969 4205 847 8464 4561 4437 5429 3510 7736 5305 7162 5882 4924 6271
347 4388 4969 3242 3693 5741 5647 6322 4276 9303 1464 8795 6269 3486 9279
348 8064 6049 162 3573 3622 7174 8551 8600 6554 6271 4639
349 9952 3841 7174 4074 1707 8972 3693 5454 847 2159 4437 3510 1464 5882 9279
350 5507 1707 6731 4205 3693 4462 6191 9332 2997 7157 6710 504 8926 3486 9279
351 5376 6322 3461 6921 5882 4875 748 9853 3693 847 6191
352 801 3461 3510 504 5305 1481 4969 9853 3693 4205 4462 847
353 1344 801 1576 4875 4205 4685 2671 5647 628 3160 6554 699 5532
354 6049 1505 1493 9366 8551 3160 2233 7369 1629 6574
355 3841 8001 9320 137 6223 8464 497 8340 9332 600 6554 1530 699 1629 6653
356 4936 137 6223 8113 8340 4437 6678 2807 314 1245 1629 3135 1375
357 8464 2113 3461 6246 4936 137 9082 4763 1245 9902 6223 5647
358 2758 8361 9836 9902 5647 8464 9490 7736 3160 6554 2906 5532 1245
359 9490 4437 6246 6824 7641 314 2906 476 6653 286 3870 9663
360 9440 3841 5619 8675 984 9176 5882 8843 476 748 1806 3135
361 8138 9741 4685 1806 5838 8113 2931 4403 2807 504 9176 5882 476 3135
362 497 2035 628 405 2758 6535 9176 9082 6686
363 6880 3362 8675 8361 8138 8843 1806 2321 2035 628 5882 1629 6269 1375
364 497 1505 2931 628 1831 3160 6521 5882 4028 2671 3135 7695
365 8675 8340 5140 1989 7493 984 5578 8315 9052 5277 6574 1375
366 32 8340 4804 6678 6535 1943 9176 6809 7641 7980 5838 6574
367 9440 9155 339 4804 2646 1481 5578 1530 5882 1629 702
368 801 6434 2997 9303 1943 215 7641 5882 5277 1806 8926 5454
369 6992 6529 4 1989 9303 8439 2296 4685 9853 2349 2878 8894
370 162 1989 7493 3337 5739 7695 4403 1943 2296 8184 2233 6809 6777 5532
371 6434 4804 7493 1831 6824 3337 4074 2349 5647 3824 4437 5690 8315
372 4177 6434 4804 9332 2997 1831 1464 7546 3948 2430 3870
373 6992 2035 628 9415 6311 2296 7546 7980 2444 5454 6574 2159
374 4177 6946 628 3337 7546 4074 8315 5454 7422 6574 9663
375 385 6946 5578 4875 4462 7695 4177 4561 4276 9303 7897 5690 5882 9052
376 6434 9410 4041 3948 3693 6607 2159 4177 5619 9332 3573 4759 9853 7422
377 2113 7137 5507 6347 3948 8237 5647 7249 8279 311 8600 7736 7641
378 2113 7137 1576 1481 4074 9229 6574 2159 5429 7736 8600 9787 3486
379 6946 872 6921 5962 4875 1707 3693 4462 4276 8279 6554 5882 3259 4924
380 1344 6434 4804 4276 3461 4230 1943 1799 4759 6921 8795 9787
381 5281 5507 1732 4804 1576 4041 1481 9229 3693 7249 1943 2807 7897
382 1344 6946 4804 9415 1576 1481 4041 6574 2159 7249 785 1943 2430 2878
383 3824 7249 497 4804 5702 3510 6678 504 1481 7641 1707
384 1732 2758 5702 1799 4041 1707 7468 2159 7316 9366 3160 1018 2878
385 5376 1344 1505 4388 7369 4041 8972 2060 4205 9490 3510 9366 9977 7897
386 1505 4230 5702 8361 847 9490 9366 9977 7641 7897 5882 4028 1245
387 3362 5619 8340 4437 5702 3527 9415 215 7369 4924 2349 2671
388 872 7624 7369 8361 5739 8972 4685 2671 9366 3160 7736 7641 7897 699
389 4016 8113 4230 2758 215 8361 7897 1018 8972 6653 2878 9902
390 2208 6880 2113 8001 5281 9415 4106 497 5747 9977 5882 8315 476 4639
391 32 2977 162 8675 4230 4999 6924 1877 215 4152 8089 7897 1530 5882 4924
392 32 2977 1089 5281 7955 1943 8315 1915 476 1468 6574 4639
393 497 2977 628 2646 7369 2906 9963 1468 4685 3213
394 8848 4099 5252 6021 2646 2600 6921 7897 1915 9963 1468 6607
395 7909 2600 2060 6574 9585 7955 4437 2646 1943 7641 6554 6269 7422
396 5376 2977 4738 8675 4325 5429 7897 314 8315 1915 6347
397 6880 2758 1576 7369 6347 3213 1877 4437 2646 4759 7641 7897 314 1629
398 5507 4403 4325 4106 476 2060 2444 6269 1629 6607
399 5376 801 5507 1940 4388 1284 5882 6347 2060 1629 8237 5454
400 1505 9938 3923 1940 9332 9254 6967 9320 7736 9741 7422 5087
401 5376 1505 8001 5281 5507 5252 1291 9963 2444 7695 8848 8340 5882
402 162 9320 4875 6607 8848 2931 7603 4403 7317 1943 2522 5882 6269 7422
403 9254 9320 2345 9963 2733 8237 9902 9391 9077 3510 4759 2296 9787
404 8001 6946 4230 9320 1291 2733 5454 78 3023 5647 8089 5305 8315 699
405 2208 497 1121 4388 984 7897 2522 3802 1291 3259 5454
406 5376 497 3746 2931 4388 3510 9254 7174 9415 7736 3259 7084
407 1121 3746 261 9254 7174 7624 2733 8237 8848 7603 7736 3802 5882 575
408 529 6674 7603 8901 9254 4999 2296 872 8089 1530 2349 3870
409 162 7603 2931 628 7493 7765 984 2345 5305 7897 3802 8237
410 5281 1955 4804 261 7493 5578 9741 3598 5647 6992 7603 5140 9366 1464 9853
411 3824 5619 6628 8262 9366 1481 7897 9899 8972 5644 8237 3598
412 801 261 5863 9320 9899 3598 7695 7761 7603 9332 3510 3415 215 4924
413 8576 7624 7274 5644 4205 3598 3824 5714 5747 9077 3415 1145 5087
414 6992 7761 9938 3668 7493 5413 7765 1369 9787 1291 3598 8830
415 1121 6529 1955 3668 4804 7493 7624 8600 9320 7736 6393 7274
416 3824 5714 3668 7493 9320 7624 9787 1291 5916 6574 2159
417 3824 1505 7249 4403 6628 6393 1369 1291 5070 3023
418 9954 2184 7624 9902 5647 6992 7761 529 7765 9208 7736 9787 3870
419 4804 3622 1576 2600 1707 4205 2159 6992 9585 9490 7765 7897 5882 5916 1629 2783
420 1089 6529 8770 6946 9539 1576 8361 1707 3693 6574 9585 1043 9716 7860 6554 1629
421 5091 9539 9415 1576 1707 7468 4685 2159 8593 5714 4437 5882 3771 3902
422 9585 6067 1955 3284 3782 8262 1576 9787 3213 653 1629 4639
423 1955 6628 6021 1576 1707 9391 8593 9585 5714 9490 5619 5045 2646 4028 9853 8830
424 5091 7955 6628 5413 3415 457 8361 1707 3771 4685 6574 4639
425 8848 801 5507 3923 4403 6021 3994 1707 6092 7980 9853 5087
426 32 801 1089 6529 1831 4106 4685 78 5647 9490 7955 6067 8724 5045
427 8770 5091 8675 7013 5863 2600 1707 4875 7980 5647 9977 699 6269
428 32 1089 8770 8675 2116 6021 4106 7084 5454 6673 8882 5747 699 8830
429 1089 3746 4738 8675 6632 3337 5647 4080 8882 7955 2646 4152 8159 5087
430 3746 6067 7955 4099 6628 2646 4152 6921 4106 2349 8830 6607
431 2977 1955 7860 6021 3573 2391 8439 2345 8315 8237 8830 8159
432 32 9539 4403 7860 8901 1654 9303 3337 2444 5454 8830 4639
433 6529 162 9539 2060 8237 9741 1654 2391 9176 8184 7897 8830 9663 4639
434 6880 6946 9539 2116 9320 8649 9741 7955 5619 1654 8184 9977 1629
435 6880 6628 2345 4875 8848 4080 7955 5140 3573 1654 4790 2522 4765
436 5376 1121 4325 9320 7274 8108 8848 2931 8184 5305 3067 3870 4639
437 5507 4325 7624 2345 7274 8108 5454 9006 5647 2931 4055 4152 3067 3870
438 8001 5507 1955 4999 7274 2444 5454 5647 2419 5140 6967 9175 4152
439 4388 7493 872 4875 9741 9006 2419 9332 3510 1943 2296 7736 8857 8926 3870
440 3746 6946 4790 4999 872 8554 3259 4875 7084 5647
441 1121 4099 6628 1943 1464 9977 6921 8649 3259 6092 7084 5647
442 8001 4325 4790 4230 8649 4875 3259 6092 5454 3023
443 1955 5124 7013 2345 6092 2444 8108 5454 2159 9391 7249 9977 8830
444 8001 6946 7013 8646 9320 3598 2159 529 7761 3284 1464 5916 8830
445 2113 4099 1955 4804 7013 7686 1481 8265 8554 9006 8529 8089 8505
446 8576 2113 7249 801 8724 2708 3284 7624 7897 8108
447 801 2600 8649 7274 8108 9902 7695 5647 5714 1369 6393 9787 575
448 801 5281 8290 4099 5091 8646 6632 2159 7695 6992 4924 8926 575 9663
449 5281 5714 4388 8262 8439 9208 1369 8795 7196 5916 1167
450 8001 5281 6692 261 2184 9899 5714 2931 9332 9208 1369 5916 8830
451 3824 7249 8290 5714 2419 4804 9332 2184 168 653 3598 5647
452 801 6529 6692 7686 6632 9899 1707 9006 9902 9391 2708 5140 2296 8926 2783
453 8001 9539 7686 6632 8649 1707 653 9006 78 2159 7860 9175 8600 6810 7546 7196
454 1344 9539 6692 8649 653 9391 1043 3284 7860 8439 1530 7196 2783
455 5281 7909 4106 9899 8972 653 78 9585 5619 4403 7860 5045 6554 7196 3870
456 8770 4099 9539 8649 653 78 5714 7860 6554 7196 5916 1629 3870 8830 9663
457 2208 1089 6417 6067 451 9716 1877 8646 2600 1369 8649 4028
458 1344 6946 5619 9539 7686 9415 2600 8600 8361 6667 4028 3693
459 32 2977 5252 2758 1831 5355 748 3693 9585 9716 8600 4028 7196 8830 575
460 1089 162 451 5252 8262 137 7084 9585 2642 7955 628 9332 1369 8830 575
461 6417 2977 6946 7571 7013 7686 9176 3994 1291 7485 1629 5454
462 6021 903 137 8649 653 9585 4561 7314 2931 3513 3994 699 8315 8830
463 7955 5252 6628 7686 6855 8184 137 9977 3994 8315 653 6607
464 2977 8001 2593 8386 3684 1831 5863 2600 9977 137 5454
465 8675 451 4804 7013 4325 7686 903 137 7084 653 5747 6967 3994
466 6880 1089 1043 5619 6021 2646 3160 1560 3513 3337 5454
467 4561 3746 2642 5619 1955 5252 6967 2600 5305 3259 3948 7485
468 3746 1043 2646 7686 8439 8184 2600 3513 1179 8972 6607
469 2593 3746 9539 5299 325 8551 4759 984 2345 137 1629 3870
470 4352 4561 6946 4515 9303 2600 5305 5578 3259 1629 9006
471 6880 5376 6946 8675 903 1291 3023 6223 8724 8439 5305 3259 8830 191 3135
472 6880 5376 5281 4804 7624 3659 5454 3023 4403 5140 3259 699 9853
473 4515 4804 4325 7686 7624 5256 8649 4875 6223 5140 3510 3259 191
474 4515 2931 5747 5299 8262 2296 984 7546 2522 7422 6223
475 9366 3510 7686 8551 4999 1464 9560 7624 8649 4106 6459 3135
476 5376 6754 4325 325 7013 1291 5644 3023 8848 6992 4403 3668 6459
477 5376 8848 2931 628 8724 7493 325 7686 8505 9977 5578 9741
478 5376 6754 4515 628 5140 7493 7013 3510 9130 2349 3870 3023
479 1043 1955 7493 9366 8646 2391 7624 1336 2522 9741 1439
480 37 261 9415 1576 1707 9006 9391 6417 3668 2391 8600 8505 9787 6334 575
481 7137 5602 6754 3622 5863 9320 1707 3023 529 1043 9787 4028 575
482 2208 1505 5507 3397 4230 7274 78 1167 4276 9366 8505 6459 1439
483 6992 5873 2865 5602 4276 7493 9831 2807 9320 1481 5916 62
484 8485 3397 4230 8646 1481 5644 8237 78 3023 5140 8600 8089 9853 62
485 2208 7137 261 7686 2184 6921 4875 8724 7765 9366 7736 8089 9853 62
486 3824 8675 451 5140 3700 7765 8262 3622 872 7546 5644 1167
487 3824 9649 8386 7860 4437 9254 6855 1560 7274 8972 78 4319
488 1089 6754 261 2853 4230 1831 1707 9899 5644 3023 3792 4276 3700 7765 8184 7162 350
489 1089 5281 8387 4230 9415 872 6921 9899 3948 2865 6322 4276 8600 1560 6269
490 3792 529 5873 7686 7831 7641 7546 9899 8315 4685 9806 4639
491 7137 1089 6529 37 4230 7686 1831 1707 8972 3792 529 4437 9176 7641 4187 1179
492 6145 5140 9176 2184 137 1481 7641 8315 6269 350 1439
493 32 8386 9539 3780 6628 4325 8262 7686 9415 4969 6322 6967 7162
494 4608 6417 8386 6754 6067 9539 6628 37 3397 4028 9806 4639
495 2977 3746 6754 9539 451 8133 2758 8422 1831 9674 7468 2576 3700
496 2576 8848 1043 4403 6628 1877 1831 137 8089 4106 5454 6607
497 4403 9716 4804 5252 4325 9303 1943 4344 3994 2444 1245 6607
498 8133 7686 1831 8649 9931 9006 8848 6067 1043 7571 9716 7641 3994 7422
499 6880 2593 3746 7571 1043 9716 7765 1943 8649 9130 4106 6269
